2024-08-01 02:14:55.815 WARN  org.mybatis.spring.mapper.ClassPathMapperScanner  :44   http-nio-8002-exec-2 [32m                [0;39m No MyBatis mapper was found in '[com.fugui.train.business.mapper]' package. Please check your configuration.
2024-08-01 02:14:55.869 INFO  o.s.d.r.config.RepositoryConfigurationDelegate    :138  http-nio-8002-exec-2 [32m                [0;39m Bootstrapping Spring Data Redis repositories in DEFAULT mode.
2024-08-01 02:14:55.873 INFO  o.s.d.r.config.RepositoryConfigurationDelegate    :208  http-nio-8002-exec-2 [32m                [0;39m Finished Spring Data repository scanning in 3 ms. Found 0 Redis repository interfaces.
2024-08-01 02:14:57.143 INFO  com.fugui.train.common.util.JwtUtil               :55   http-nio-8002-exec-2 [32m                [0;39m 根据token获取原始内容：{"mobile":"13000000000","id":1814358440773029888}
2024-08-01 02:14:57.154 INFO  c.fugui.train.common.interceptor.MemberInterceptor:26   http-nio-8002-exec-2 [32m                [0;39m 当前登录用户信息为{"mobile":"13000000000","id":1814358440773029888}
2024-08-01 02:14:57.154 INFO  c.fugui.train.common.interceptor.MemberInterceptor:27   http-nio-8002-exec-2 [32m                [0;39m 当前登录token为eyJ0eXAiOiJKV1QiLCJhbGciOiJIUzI1NiJ9.eyJuYmYiOjE3MjI0NDk2NzgsIm1vYmlsZSI6IjEzMDAwMDAwMDAwIiwiaWQiOjE4MTQzNTg0NDA3NzMwMjk4ODgsImV4cCI6MTcyMjUzNjA3OCwiaWF0IjoxNzIyNDQ5Njc4fQ.tvdFvUh22NMoCjdeuQw3H6F4VbxUX2nL7afN-sLZ8ik
2024-08-01 02:14:57.170 INFO  com.fugui.train.common.aspect.LogAspect           :54   http-nio-8002-exec-2 [32m1722449697170401[0;39m ------------- 开始 -------------
2024-08-01 02:14:57.171 INFO  com.fugui.train.common.aspect.LogAspect           :55   http-nio-8002-exec-2 [32m1722449697170401[0;39m 请求地址: http://172.23.71.101:8002/business/station/query-all GET
2024-08-01 02:14:57.171 INFO  com.fugui.train.common.aspect.LogAspect           :56   http-nio-8002-exec-2 [32m1722449697170401[0;39m 类名方法: com.fugui.train.business.controller.StationController.queryList
2024-08-01 02:14:57.171 INFO  com.fugui.train.common.aspect.LogAspect           :57   http-nio-8002-exec-2 [32m1722449697170401[0;39m 远程地址: 172.23.71.101
2024-08-01 02:14:57.171 INFO  com.fugui.train.common.aspect.LogAspect           :78   http-nio-8002-exec-2 [32m1722449697170401[0;39m 请求参数: []
2024-08-01 02:14:57.190 DEBUG c.f.t.b.mapper.StationMapper.selectByExample      :137  http-nio-8002-exec-2 [32m1722449697170401[0;39m ==>  Preparing: select id, `name`, name_pinyin, name_py, create_time, update_time from station
2024-08-01 02:14:57.192 DEBUG c.f.t.b.mapper.StationMapper.selectByExample      :137  http-nio-8002-exec-2 [32m1722449697170401[0;39m ==> Parameters: 
2024-08-01 02:14:57.196 TRACE c.f.t.b.mapper.StationMapper.selectByExample      :143  http-nio-8002-exec-2 [32m1722449697170401[0;39m <==    Columns: id, name, name_pinyin, name_py, create_time, update_time
2024-08-01 02:14:57.199 TRACE c.f.t.b.mapper.StationMapper.selectByExample      :143  http-nio-8002-exec-2 [32m1722449697170401[0;39m <==        Row: 1815967536051785728, 1, 1, 1, 2024-07-24 12:29:34.296, 2024-07-24 12:29:34.296
2024-08-01 02:14:57.200 TRACE c.f.t.b.mapper.StationMapper.selectByExample      :143  http-nio-8002-exec-2 [32m1722449697170401[0;39m <==        Row: 1816077071655505920, 上海, shanghai, sh, 2024-07-24 19:44:49.589, 2024-07-24 19:44:49.589
2024-08-01 02:14:57.201 TRACE c.f.t.b.mapper.StationMapper.selectByExample      :143  http-nio-8002-exec-2 [32m1722449697170401[0;39m <==        Row: 1816077096053772288, 南京, nanjing, nj, 2024-07-24 19:44:55.436, 2024-07-24 19:44:55.436
2024-08-01 02:14:57.201 TRACE c.f.t.b.mapper.StationMapper.selectByExample      :143  http-nio-8002-exec-2 [32m1722449697170401[0;39m <==        Row: 1816089374719348736, 北京, beijing, bj, 2024-07-24 20:33:42.898, 2024-07-24 20:33:42.898
2024-08-01 02:14:57.202 TRACE c.f.t.b.mapper.StationMapper.selectByExample      :143  http-nio-8002-exec-2 [32m1722449697170401[0;39m <==        Row: 1816130480538521600, 潮阳, chaoyang, cy, 2024-07-24 23:17:03.274, 2024-07-24 23:17:03.274
2024-08-01 02:14:57.202 DEBUG c.f.t.b.mapper.StationMapper.selectByExample      :137  http-nio-8002-exec-2 [32m1722449697170401[0;39m <==      Total: 5
2024-08-01 02:14:57.222 INFO  com.fugui.train.common.aspect.LogAspect           :90   http-nio-8002-exec-2 [32m1722449697170401[0;39m 返回结果: {"content":[{"createTime":1721795374296,"id":1815967536051785728,"name":"1","namePinyin":"1","namePy":"1","updateTime":1721795374296},{"createTime":1721821489589,"id":1816077071655505920,"name":"上海","namePinyin":"shanghai","namePy":"sh","updateTime":1721821489589},{"createTime":1721821495436,"id":1816077096053772288,"name":"南京","namePinyin":"nanjing","namePy":"nj","updateTime":1721821495436},{"createTime":1721824422898,"id":1816089374719348736,"name":"北京","namePinyin":"beijing","namePy":"bj","updateTime":1721824422898},{"createTime":1721834223274,"id":1816130480538521600,"name":"潮阳","namePinyin":"chaoyang","namePy":"cy","updateTime":1721834223274}],"success":true}
2024-08-01 02:14:57.223 INFO  com.fugui.train.common.aspect.LogAspect           :91   http-nio-8002-exec-2 [32m1722449697170401[0;39m ------------- 结束 耗时：53 ms -------------
2024-08-01 02:14:57.250 INFO  com.fugui.train.common.util.JwtUtil               :55   http-nio-8002-exec-4 [32m1722416847415yjd[0;39m 根据token获取原始内容：{"mobile":"13000000000","id":1814358440773029888}
2024-08-01 02:14:57.251 INFO  c.fugui.train.common.interceptor.MemberInterceptor:26   http-nio-8002-exec-4 [32m1722416847415yjd[0;39m 当前登录用户信息为{"mobile":"13000000000","id":1814358440773029888}
2024-08-01 02:14:57.251 INFO  c.fugui.train.common.interceptor.MemberInterceptor:27   http-nio-8002-exec-4 [32m1722416847415yjd[0;39m 当前登录token为eyJ0eXAiOiJKV1QiLCJhbGciOiJIUzI1NiJ9.eyJuYmYiOjE3MjI0NDk2NzgsIm1vYmlsZSI6IjEzMDAwMDAwMDAwIiwiaWQiOjE4MTQzNTg0NDA3NzMwMjk4ODgsImV4cCI6MTcyMjUzNjA3OCwiaWF0IjoxNzIyNDQ5Njc4fQ.tvdFvUh22NMoCjdeuQw3H6F4VbxUX2nL7afN-sLZ8ik
2024-08-01 02:14:57.252 INFO  com.fugui.train.common.aspect.LogAspect           :54   http-nio-8002-exec-4 [32m1722449697252zbz[0;39m ------------- 开始 -------------
2024-08-01 02:14:57.253 INFO  com.fugui.train.common.aspect.LogAspect           :55   http-nio-8002-exec-4 [32m1722449697252zbz[0;39m 请求地址: http://172.23.71.101:8002/business/station/query-all GET
2024-08-01 02:14:57.253 INFO  com.fugui.train.common.aspect.LogAspect           :56   http-nio-8002-exec-4 [32m1722449697252zbz[0;39m 类名方法: com.fugui.train.business.controller.StationController.queryList
2024-08-01 02:14:57.253 INFO  com.fugui.train.common.aspect.LogAspect           :57   http-nio-8002-exec-4 [32m1722449697252zbz[0;39m 远程地址: 172.23.71.101
2024-08-01 02:14:57.253 INFO  com.fugui.train.common.aspect.LogAspect           :78   http-nio-8002-exec-4 [32m1722449697252zbz[0;39m 请求参数: []
2024-08-01 02:14:57.254 DEBUG c.f.t.b.mapper.StationMapper.selectByExample      :137  http-nio-8002-exec-4 [32m1722449697252zbz[0;39m ==>  Preparing: select id, `name`, name_pinyin, name_py, create_time, update_time from station
2024-08-01 02:14:57.255 DEBUG c.f.t.b.mapper.StationMapper.selectByExample      :137  http-nio-8002-exec-4 [32m1722449697252zbz[0;39m ==> Parameters: 
2024-08-01 02:14:57.257 TRACE c.f.t.b.mapper.StationMapper.selectByExample      :143  http-nio-8002-exec-4 [32m1722449697252zbz[0;39m <==    Columns: id, name, name_pinyin, name_py, create_time, update_time
2024-08-01 02:14:57.257 TRACE c.f.t.b.mapper.StationMapper.selectByExample      :143  http-nio-8002-exec-4 [32m1722449697252zbz[0;39m <==        Row: 1815967536051785728, 1, 1, 1, 2024-07-24 12:29:34.296, 2024-07-24 12:29:34.296
2024-08-01 02:14:57.258 TRACE c.f.t.b.mapper.StationMapper.selectByExample      :143  http-nio-8002-exec-4 [32m1722449697252zbz[0;39m <==        Row: 1816077071655505920, 上海, shanghai, sh, 2024-07-24 19:44:49.589, 2024-07-24 19:44:49.589
2024-08-01 02:14:57.259 TRACE c.f.t.b.mapper.StationMapper.selectByExample      :143  http-nio-8002-exec-4 [32m1722449697252zbz[0;39m <==        Row: 1816077096053772288, 南京, nanjing, nj, 2024-07-24 19:44:55.436, 2024-07-24 19:44:55.436
2024-08-01 02:14:57.260 TRACE c.f.t.b.mapper.StationMapper.selectByExample      :143  http-nio-8002-exec-4 [32m1722449697252zbz[0;39m <==        Row: 1816089374719348736, 北京, beijing, bj, 2024-07-24 20:33:42.898, 2024-07-24 20:33:42.898
2024-08-01 02:14:57.260 TRACE c.f.t.b.mapper.StationMapper.selectByExample      :143  http-nio-8002-exec-4 [32m1722449697252zbz[0;39m <==        Row: 1816130480538521600, 潮阳, chaoyang, cy, 2024-07-24 23:17:03.274, 2024-07-24 23:17:03.274
2024-08-01 02:14:57.260 DEBUG c.f.t.b.mapper.StationMapper.selectByExample      :137  http-nio-8002-exec-4 [32m1722449697252zbz[0;39m <==      Total: 5
2024-08-01 02:14:57.263 INFO  com.fugui.train.common.aspect.LogAspect           :90   http-nio-8002-exec-4 [32m1722449697252zbz[0;39m 返回结果: {"content":[{"createTime":1721795374296,"id":1815967536051785728,"name":"1","namePinyin":"1","namePy":"1","updateTime":1721795374296},{"createTime":1721821489589,"id":1816077071655505920,"name":"上海","namePinyin":"shanghai","namePy":"sh","updateTime":1721821489589},{"createTime":1721821495436,"id":1816077096053772288,"name":"南京","namePinyin":"nanjing","namePy":"nj","updateTime":1721821495436},{"createTime":1721824422898,"id":1816089374719348736,"name":"北京","namePinyin":"beijing","namePy":"bj","updateTime":1721824422898},{"createTime":1721834223274,"id":1816130480538521600,"name":"潮阳","namePinyin":"chaoyang","namePy":"cy","updateTime":1721834223274}],"success":true}
2024-08-01 02:14:57.263 INFO  com.fugui.train.common.aspect.LogAspect           :91   http-nio-8002-exec-4 [32m1722449697252zbz[0;39m ------------- 结束 耗时：11 ms -------------
2024-08-01 02:15:00.150 INFO  com.fugui.train.common.util.JwtUtil               :55   http-nio-8002-exec-5 [32m                [0;39m 根据token获取原始内容：{"mobile":"13000000000","id":1814358440773029888}
2024-08-01 02:15:00.151 INFO  c.fugui.train.common.interceptor.MemberInterceptor:26   http-nio-8002-exec-5 [32m                [0;39m 当前登录用户信息为{"mobile":"13000000000","id":1814358440773029888}
2024-08-01 02:15:00.152 INFO  c.fugui.train.common.interceptor.MemberInterceptor:27   http-nio-8002-exec-5 [32m                [0;39m 当前登录token为eyJ0eXAiOiJKV1QiLCJhbGciOiJIUzI1NiJ9.eyJuYmYiOjE3MjI0NDk2NzgsIm1vYmlsZSI6IjEzMDAwMDAwMDAwIiwiaWQiOjE4MTQzNTg0NDA3NzMwMjk4ODgsImV4cCI6MTcyMjUzNjA3OCwiaWF0IjoxNzIyNDQ5Njc4fQ.tvdFvUh22NMoCjdeuQw3H6F4VbxUX2nL7afN-sLZ8ik
2024-08-01 02:15:00.152 INFO  com.fugui.train.common.aspect.LogAspect           :54   http-nio-8002-exec-5 [32m1722449700152l9x[0;39m ------------- 开始 -------------
2024-08-01 02:15:00.153 INFO  com.fugui.train.common.aspect.LogAspect           :55   http-nio-8002-exec-5 [32m1722449700152l9x[0;39m 请求地址: http://172.23.71.101:8002/business/station/query-all GET
2024-08-01 02:15:00.153 INFO  com.fugui.train.common.aspect.LogAspect           :56   http-nio-8002-exec-5 [32m1722449700152l9x[0;39m 类名方法: com.fugui.train.business.controller.StationController.queryList
2024-08-01 02:15:00.153 INFO  com.fugui.train.common.aspect.LogAspect           :57   http-nio-8002-exec-5 [32m1722449700152l9x[0;39m 远程地址: 172.23.71.101
2024-08-01 02:15:00.153 INFO  com.fugui.train.common.aspect.LogAspect           :78   http-nio-8002-exec-5 [32m1722449700152l9x[0;39m 请求参数: []
2024-08-01 02:15:00.154 DEBUG c.f.t.b.mapper.StationMapper.selectByExample      :137  http-nio-8002-exec-5 [32m1722449700152l9x[0;39m ==>  Preparing: select id, `name`, name_pinyin, name_py, create_time, update_time from station
2024-08-01 02:15:00.155 DEBUG c.f.t.b.mapper.StationMapper.selectByExample      :137  http-nio-8002-exec-5 [32m1722449700152l9x[0;39m ==> Parameters: 
2024-08-01 02:15:00.156 TRACE c.f.t.b.mapper.StationMapper.selectByExample      :143  http-nio-8002-exec-5 [32m1722449700152l9x[0;39m <==    Columns: id, name, name_pinyin, name_py, create_time, update_time
2024-08-01 02:15:00.157 TRACE c.f.t.b.mapper.StationMapper.selectByExample      :143  http-nio-8002-exec-5 [32m1722449700152l9x[0;39m <==        Row: 1815967536051785728, 1, 1, 1, 2024-07-24 12:29:34.296, 2024-07-24 12:29:34.296
2024-08-01 02:15:00.157 TRACE c.f.t.b.mapper.StationMapper.selectByExample      :143  http-nio-8002-exec-5 [32m1722449700152l9x[0;39m <==        Row: 1816077071655505920, 上海, shanghai, sh, 2024-07-24 19:44:49.589, 2024-07-24 19:44:49.589
2024-08-01 02:15:00.158 TRACE c.f.t.b.mapper.StationMapper.selectByExample      :143  http-nio-8002-exec-5 [32m1722449700152l9x[0;39m <==        Row: 1816077096053772288, 南京, nanjing, nj, 2024-07-24 19:44:55.436, 2024-07-24 19:44:55.436
2024-08-01 02:15:00.159 TRACE c.f.t.b.mapper.StationMapper.selectByExample      :143  http-nio-8002-exec-5 [32m1722449700152l9x[0;39m <==        Row: 1816089374719348736, 北京, beijing, bj, 2024-07-24 20:33:42.898, 2024-07-24 20:33:42.898
2024-08-01 02:15:00.159 TRACE c.f.t.b.mapper.StationMapper.selectByExample      :143  http-nio-8002-exec-5 [32m1722449700152l9x[0;39m <==        Row: 1816130480538521600, 潮阳, chaoyang, cy, 2024-07-24 23:17:03.274, 2024-07-24 23:17:03.274
2024-08-01 02:15:00.160 DEBUG c.f.t.b.mapper.StationMapper.selectByExample      :137  http-nio-8002-exec-5 [32m1722449700152l9x[0;39m <==      Total: 5
2024-08-01 02:15:00.162 INFO  com.fugui.train.common.aspect.LogAspect           :90   http-nio-8002-exec-5 [32m1722449700152l9x[0;39m 返回结果: {"content":[{"createTime":1721795374296,"id":1815967536051785728,"name":"1","namePinyin":"1","namePy":"1","updateTime":1721795374296},{"createTime":1721821489589,"id":1816077071655505920,"name":"上海","namePinyin":"shanghai","namePy":"sh","updateTime":1721821489589},{"createTime":1721821495436,"id":1816077096053772288,"name":"南京","namePinyin":"nanjing","namePy":"nj","updateTime":1721821495436},{"createTime":1721824422898,"id":1816089374719348736,"name":"北京","namePinyin":"beijing","namePy":"bj","updateTime":1721824422898},{"createTime":1721834223274,"id":1816130480538521600,"name":"潮阳","namePinyin":"chaoyang","namePy":"cy","updateTime":1721834223274}],"success":true}
2024-08-01 02:15:00.162 INFO  com.fugui.train.common.aspect.LogAspect           :91   http-nio-8002-exec-5 [32m1722449700152l9x[0;39m ------------- 结束 耗时：10 ms -------------
2024-08-01 02:15:00.172 INFO  com.fugui.train.common.util.JwtUtil               :55   http-nio-8002-exec-7 [32m1722416862474nq6[0;39m 根据token获取原始内容：{"mobile":"13000000000","id":1814358440773029888}
2024-08-01 02:15:00.172 INFO  c.fugui.train.common.interceptor.MemberInterceptor:26   http-nio-8002-exec-7 [32m1722416862474nq6[0;39m 当前登录用户信息为{"mobile":"13000000000","id":1814358440773029888}
2024-08-01 02:15:00.172 INFO  c.fugui.train.common.interceptor.MemberInterceptor:27   http-nio-8002-exec-7 [32m1722416862474nq6[0;39m 当前登录token为eyJ0eXAiOiJKV1QiLCJhbGciOiJIUzI1NiJ9.eyJuYmYiOjE3MjI0NDk2NzgsIm1vYmlsZSI6IjEzMDAwMDAwMDAwIiwiaWQiOjE4MTQzNTg0NDA3NzMwMjk4ODgsImV4cCI6MTcyMjUzNjA3OCwiaWF0IjoxNzIyNDQ5Njc4fQ.tvdFvUh22NMoCjdeuQw3H6F4VbxUX2nL7afN-sLZ8ik
2024-08-01 02:15:00.173 INFO  com.fugui.train.common.aspect.LogAspect           :54   http-nio-8002-exec-7 [32m1722449700173llj[0;39m ------------- 开始 -------------
2024-08-01 02:15:00.174 INFO  com.fugui.train.common.aspect.LogAspect           :55   http-nio-8002-exec-7 [32m1722449700173llj[0;39m 请求地址: http://172.23.71.101:8002/business/station/query-all GET
2024-08-01 02:15:00.174 INFO  com.fugui.train.common.aspect.LogAspect           :56   http-nio-8002-exec-7 [32m1722449700173llj[0;39m 类名方法: com.fugui.train.business.controller.StationController.queryList
2024-08-01 02:15:00.174 INFO  com.fugui.train.common.aspect.LogAspect           :57   http-nio-8002-exec-7 [32m1722449700173llj[0;39m 远程地址: 172.23.71.101
2024-08-01 02:15:00.174 INFO  com.fugui.train.common.aspect.LogAspect           :78   http-nio-8002-exec-7 [32m1722449700173llj[0;39m 请求参数: []
2024-08-01 02:15:00.175 DEBUG c.f.t.b.mapper.StationMapper.selectByExample      :137  http-nio-8002-exec-7 [32m1722449700173llj[0;39m ==>  Preparing: select id, `name`, name_pinyin, name_py, create_time, update_time from station
2024-08-01 02:15:00.176 DEBUG c.f.t.b.mapper.StationMapper.selectByExample      :137  http-nio-8002-exec-7 [32m1722449700173llj[0;39m ==> Parameters: 
2024-08-01 02:15:00.176 TRACE c.f.t.b.mapper.StationMapper.selectByExample      :143  http-nio-8002-exec-7 [32m1722449700173llj[0;39m <==    Columns: id, name, name_pinyin, name_py, create_time, update_time
2024-08-01 02:15:00.177 TRACE c.f.t.b.mapper.StationMapper.selectByExample      :143  http-nio-8002-exec-7 [32m1722449700173llj[0;39m <==        Row: 1815967536051785728, 1, 1, 1, 2024-07-24 12:29:34.296, 2024-07-24 12:29:34.296
2024-08-01 02:15:00.179 TRACE c.f.t.b.mapper.StationMapper.selectByExample      :143  http-nio-8002-exec-7 [32m1722449700173llj[0;39m <==        Row: 1816077071655505920, 上海, shanghai, sh, 2024-07-24 19:44:49.589, 2024-07-24 19:44:49.589
2024-08-01 02:15:00.179 TRACE c.f.t.b.mapper.StationMapper.selectByExample      :143  http-nio-8002-exec-7 [32m1722449700173llj[0;39m <==        Row: 1816077096053772288, 南京, nanjing, nj, 2024-07-24 19:44:55.436, 2024-07-24 19:44:55.436
2024-08-01 02:15:00.180 TRACE c.f.t.b.mapper.StationMapper.selectByExample      :143  http-nio-8002-exec-7 [32m1722449700173llj[0;39m <==        Row: 1816089374719348736, 北京, beijing, bj, 2024-07-24 20:33:42.898, 2024-07-24 20:33:42.898
2024-08-01 02:15:00.180 TRACE c.f.t.b.mapper.StationMapper.selectByExample      :143  http-nio-8002-exec-7 [32m1722449700173llj[0;39m <==        Row: 1816130480538521600, 潮阳, chaoyang, cy, 2024-07-24 23:17:03.274, 2024-07-24 23:17:03.274
2024-08-01 02:15:00.180 DEBUG c.f.t.b.mapper.StationMapper.selectByExample      :137  http-nio-8002-exec-7 [32m1722449700173llj[0;39m <==      Total: 5
2024-08-01 02:15:00.186 INFO  com.fugui.train.common.aspect.LogAspect           :90   http-nio-8002-exec-7 [32m1722449700173llj[0;39m 返回结果: {"content":[{"createTime":1721795374296,"id":1815967536051785728,"name":"1","namePinyin":"1","namePy":"1","updateTime":1721795374296},{"createTime":1721821489589,"id":1816077071655505920,"name":"上海","namePinyin":"shanghai","namePy":"sh","updateTime":1721821489589},{"createTime":1721821495436,"id":1816077096053772288,"name":"南京","namePinyin":"nanjing","namePy":"nj","updateTime":1721821495436},{"createTime":1721824422898,"id":1816089374719348736,"name":"北京","namePinyin":"beijing","namePy":"bj","updateTime":1721824422898},{"createTime":1721834223274,"id":1816130480538521600,"name":"潮阳","namePinyin":"chaoyang","namePy":"cy","updateTime":1721834223274}],"success":true}
2024-08-01 02:15:00.187 INFO  com.fugui.train.common.aspect.LogAspect           :91   http-nio-8002-exec-7 [32m1722449700173llj[0;39m ------------- 结束 耗时：14 ms -------------
2024-08-01 02:15:15.165 INFO  com.fugui.train.common.util.JwtUtil               :55   http-nio-8002-exec-6 [32m                [0;39m 根据token获取原始内容：{"mobile":"13000000000","id":1814358440773029888}
2024-08-01 02:15:15.165 INFO  c.fugui.train.common.interceptor.MemberInterceptor:26   http-nio-8002-exec-6 [32m                [0;39m 当前登录用户信息为{"mobile":"13000000000","id":1814358440773029888}
2024-08-01 02:15:15.165 INFO  c.fugui.train.common.interceptor.MemberInterceptor:27   http-nio-8002-exec-6 [32m                [0;39m 当前登录token为eyJ0eXAiOiJKV1QiLCJhbGciOiJIUzI1NiJ9.eyJuYmYiOjE3MjI0NDk2NzgsIm1vYmlsZSI6IjEzMDAwMDAwMDAwIiwiaWQiOjE4MTQzNTg0NDA3NzMwMjk4ODgsImV4cCI6MTcyMjUzNjA3OCwiaWF0IjoxNzIyNDQ5Njc4fQ.tvdFvUh22NMoCjdeuQw3H6F4VbxUX2nL7afN-sLZ8ik
2024-08-01 02:15:15.186 INFO  com.fugui.train.common.aspect.LogAspect           :54   http-nio-8002-exec-6 [32m1722449715186hgr[0;39m ------------- 开始 -------------
2024-08-01 02:15:15.186 INFO  com.fugui.train.common.aspect.LogAspect           :55   http-nio-8002-exec-6 [32m1722449715186hgr[0;39m 请求地址: http://172.23.71.101:8002/business/daily-train-ticket/query-list GET
2024-08-01 02:15:15.187 INFO  com.fugui.train.common.aspect.LogAspect           :56   http-nio-8002-exec-6 [32m1722449715186hgr[0;39m 类名方法: com.fugui.train.business.controller.DailyTrainTicketController.queryList
2024-08-01 02:15:15.187 INFO  com.fugui.train.common.aspect.LogAspect           :57   http-nio-8002-exec-6 [32m1722449715186hgr[0;39m 远程地址: 172.23.71.101
2024-08-01 02:15:15.187 INFO  com.fugui.train.common.aspect.LogAspect           :78   http-nio-8002-exec-6 [32m1722449715186hgr[0;39m 请求参数: [{"date":1722700800000,"end":"南京","page":1,"size":10,"start":"上海"}]
2024-08-01 02:15:15.198 INFO  c.f.train.business.service.DailyTrainTicketService:80   http-nio-8002-exec-6 [32m1722449715186hgr[0;39m 查询页码：1
2024-08-01 02:15:15.199 INFO  c.f.train.business.service.DailyTrainTicketService:81   http-nio-8002-exec-6 [32m1722449715186hgr[0;39m 每页条数：10
2024-08-01 02:15:15.222 DEBUG c.f.t.b.m.D.selectByExample_COUNT                 :137  http-nio-8002-exec-6 [32m1722449715186hgr[0;39m ==>  Preparing: SELECT count(0) FROM daily_train_ticket WHERE (`date` = ? AND `start` = ? AND `end` = ?)
2024-08-01 02:15:15.223 DEBUG c.f.t.b.m.D.selectByExample_COUNT                 :137  http-nio-8002-exec-6 [32m1722449715186hgr[0;39m ==> Parameters: 2024-08-04(Date), 上海(String), 南京(String)
2024-08-01 02:15:15.226 TRACE c.f.t.b.m.D.selectByExample_COUNT                 :143  http-nio-8002-exec-6 [32m1722449715186hgr[0;39m <==    Columns: count(0)
2024-08-01 02:15:15.226 TRACE c.f.t.b.m.D.selectByExample_COUNT                 :143  http-nio-8002-exec-6 [32m1722449715186hgr[0;39m <==        Row: 0
2024-08-01 02:15:15.227 DEBUG c.f.t.b.m.D.selectByExample_COUNT                 :137  http-nio-8002-exec-6 [32m1722449715186hgr[0;39m <==      Total: 1
2024-08-01 02:15:15.227 INFO  c.f.train.business.service.DailyTrainTicketService:86   http-nio-8002-exec-6 [32m1722449715186hgr[0;39m 总行数：0
2024-08-01 02:15:15.227 INFO  c.f.train.business.service.DailyTrainTicketService:87   http-nio-8002-exec-6 [32m1722449715186hgr[0;39m 总页数：0
2024-08-01 02:15:15.315 INFO  com.fugui.train.common.aspect.LogAspect           :90   http-nio-8002-exec-6 [32m1722449715186hgr[0;39m 返回结果: {"content":{"list":[],"total":0},"success":true}
2024-08-01 02:15:15.315 INFO  com.fugui.train.common.aspect.LogAspect           :91   http-nio-8002-exec-6 [32m1722449715186hgr[0;39m ------------- 结束 耗时：129 ms -------------
2024-08-01 02:15:17.899 INFO  com.fugui.train.common.util.JwtUtil               :55   http-nio-8002-exec-8 [32m1722416873763icb[0;39m 根据token获取原始内容：{"mobile":"13000000000","id":1814358440773029888}
2024-08-01 02:15:17.900 INFO  c.fugui.train.common.interceptor.MemberInterceptor:26   http-nio-8002-exec-8 [32m1722416873763icb[0;39m 当前登录用户信息为{"mobile":"13000000000","id":1814358440773029888}
2024-08-01 02:15:17.900 INFO  c.fugui.train.common.interceptor.MemberInterceptor:27   http-nio-8002-exec-8 [32m1722416873763icb[0;39m 当前登录token为eyJ0eXAiOiJKV1QiLCJhbGciOiJIUzI1NiJ9.eyJuYmYiOjE3MjI0NDk2NzgsIm1vYmlsZSI6IjEzMDAwMDAwMDAwIiwiaWQiOjE4MTQzNTg0NDA3NzMwMjk4ODgsImV4cCI6MTcyMjUzNjA3OCwiaWF0IjoxNzIyNDQ5Njc4fQ.tvdFvUh22NMoCjdeuQw3H6F4VbxUX2nL7afN-sLZ8ik
2024-08-01 02:15:17.901 INFO  com.fugui.train.common.aspect.LogAspect           :54   http-nio-8002-exec-8 [32m1722449717901xz9[0;39m ------------- 开始 -------------
2024-08-01 02:15:17.901 INFO  com.fugui.train.common.aspect.LogAspect           :55   http-nio-8002-exec-8 [32m1722449717901xz9[0;39m 请求地址: http://172.23.71.101:8002/business/daily-train-ticket/query-list GET
2024-08-01 02:15:17.902 INFO  com.fugui.train.common.aspect.LogAspect           :56   http-nio-8002-exec-8 [32m1722449717901xz9[0;39m 类名方法: com.fugui.train.business.controller.DailyTrainTicketController.queryList
2024-08-01 02:15:17.902 INFO  com.fugui.train.common.aspect.LogAspect           :57   http-nio-8002-exec-8 [32m1722449717901xz9[0;39m 远程地址: 172.23.71.101
2024-08-01 02:15:17.902 INFO  com.fugui.train.common.aspect.LogAspect           :78   http-nio-8002-exec-8 [32m1722449717901xz9[0;39m 请求参数: [{"date":1722787200000,"end":"南京","page":1,"size":10,"start":"上海"}]
2024-08-01 02:15:17.903 INFO  c.f.train.business.service.DailyTrainTicketService:80   http-nio-8002-exec-8 [32m1722449717901xz9[0;39m 查询页码：1
2024-08-01 02:15:17.905 INFO  c.f.train.business.service.DailyTrainTicketService:81   http-nio-8002-exec-8 [32m1722449717901xz9[0;39m 每页条数：10
2024-08-01 02:15:17.915 DEBUG c.f.t.b.m.D.selectByExample_COUNT                 :137  http-nio-8002-exec-8 [32m1722449717901xz9[0;39m ==>  Preparing: SELECT count(0) FROM daily_train_ticket WHERE (`date` = ? AND `start` = ? AND `end` = ?)
2024-08-01 02:15:17.933 DEBUG c.f.t.b.m.D.selectByExample_COUNT                 :137  http-nio-8002-exec-8 [32m1722449717901xz9[0;39m ==> Parameters: 2024-08-05(Date), 上海(String), 南京(String)
2024-08-01 02:15:17.936 TRACE c.f.t.b.m.D.selectByExample_COUNT                 :143  http-nio-8002-exec-8 [32m1722449717901xz9[0;39m <==    Columns: count(0)
2024-08-01 02:15:17.937 TRACE c.f.t.b.m.D.selectByExample_COUNT                 :143  http-nio-8002-exec-8 [32m1722449717901xz9[0;39m <==        Row: 0
2024-08-01 02:15:17.937 DEBUG c.f.t.b.m.D.selectByExample_COUNT                 :137  http-nio-8002-exec-8 [32m1722449717901xz9[0;39m <==      Total: 1
2024-08-01 02:15:17.940 INFO  c.f.train.business.service.DailyTrainTicketService:86   http-nio-8002-exec-8 [32m1722449717901xz9[0;39m 总行数：0
2024-08-01 02:15:17.940 INFO  c.f.train.business.service.DailyTrainTicketService:87   http-nio-8002-exec-8 [32m1722449717901xz9[0;39m 总页数：0
2024-08-01 02:15:17.942 INFO  com.fugui.train.common.aspect.LogAspect           :90   http-nio-8002-exec-8 [32m1722449717901xz9[0;39m 返回结果: {"content":{"list":[],"total":0},"success":true}
2024-08-01 02:15:17.942 INFO  com.fugui.train.common.aspect.LogAspect           :91   http-nio-8002-exec-8 [32m1722449717901xz9[0;39m ------------- 结束 耗时：41 ms -------------
2024-08-01 02:15:20.394 INFO  com.fugui.train.common.util.JwtUtil               :55   http-nio-8002-exec-9 [32m1722416876606erl[0;39m 根据token获取原始内容：{"mobile":"13000000000","id":1814358440773029888}
2024-08-01 02:15:20.394 INFO  c.fugui.train.common.interceptor.MemberInterceptor:26   http-nio-8002-exec-9 [32m1722416876606erl[0;39m 当前登录用户信息为{"mobile":"13000000000","id":1814358440773029888}
2024-08-01 02:15:20.394 INFO  c.fugui.train.common.interceptor.MemberInterceptor:27   http-nio-8002-exec-9 [32m1722416876606erl[0;39m 当前登录token为eyJ0eXAiOiJKV1QiLCJhbGciOiJIUzI1NiJ9.eyJuYmYiOjE3MjI0NDk2NzgsIm1vYmlsZSI6IjEzMDAwMDAwMDAwIiwiaWQiOjE4MTQzNTg0NDA3NzMwMjk4ODgsImV4cCI6MTcyMjUzNjA3OCwiaWF0IjoxNzIyNDQ5Njc4fQ.tvdFvUh22NMoCjdeuQw3H6F4VbxUX2nL7afN-sLZ8ik
2024-08-01 02:15:20.396 INFO  com.fugui.train.common.aspect.LogAspect           :54   http-nio-8002-exec-9 [32m17224497203961h1[0;39m ------------- 开始 -------------
2024-08-01 02:15:20.396 INFO  com.fugui.train.common.aspect.LogAspect           :55   http-nio-8002-exec-9 [32m17224497203961h1[0;39m 请求地址: http://172.23.71.101:8002/business/daily-train-ticket/query-list GET
2024-08-01 02:15:20.396 INFO  com.fugui.train.common.aspect.LogAspect           :56   http-nio-8002-exec-9 [32m17224497203961h1[0;39m 类名方法: com.fugui.train.business.controller.DailyTrainTicketController.queryList
2024-08-01 02:15:20.396 INFO  com.fugui.train.common.aspect.LogAspect           :57   http-nio-8002-exec-9 [32m17224497203961h1[0;39m 远程地址: 172.23.71.101
2024-08-01 02:15:20.397 INFO  com.fugui.train.common.aspect.LogAspect           :78   http-nio-8002-exec-9 [32m17224497203961h1[0;39m 请求参数: [{"date":1722873600000,"end":"南京","page":1,"size":10,"start":"上海"}]
2024-08-01 02:15:20.399 INFO  c.f.train.business.service.DailyTrainTicketService:80   http-nio-8002-exec-9 [32m17224497203961h1[0;39m 查询页码：1
2024-08-01 02:15:20.399 INFO  c.f.train.business.service.DailyTrainTicketService:81   http-nio-8002-exec-9 [32m17224497203961h1[0;39m 每页条数：10
2024-08-01 02:15:20.411 DEBUG c.f.t.b.m.D.selectByExample_COUNT                 :137  http-nio-8002-exec-9 [32m17224497203961h1[0;39m ==>  Preparing: SELECT count(0) FROM daily_train_ticket WHERE (`date` = ? AND `start` = ? AND `end` = ?)
2024-08-01 02:15:20.412 DEBUG c.f.t.b.m.D.selectByExample_COUNT                 :137  http-nio-8002-exec-9 [32m17224497203961h1[0;39m ==> Parameters: 2024-08-06(Date), 上海(String), 南京(String)
2024-08-01 02:15:20.413 TRACE c.f.t.b.m.D.selectByExample_COUNT                 :143  http-nio-8002-exec-9 [32m17224497203961h1[0;39m <==    Columns: count(0)
2024-08-01 02:15:20.414 TRACE c.f.t.b.m.D.selectByExample_COUNT                 :143  http-nio-8002-exec-9 [32m17224497203961h1[0;39m <==        Row: 0
2024-08-01 02:15:20.414 DEBUG c.f.t.b.m.D.selectByExample_COUNT                 :137  http-nio-8002-exec-9 [32m17224497203961h1[0;39m <==      Total: 1
2024-08-01 02:15:20.414 INFO  c.f.train.business.service.DailyTrainTicketService:86   http-nio-8002-exec-9 [32m17224497203961h1[0;39m 总行数：0
2024-08-01 02:15:20.415 INFO  c.f.train.business.service.DailyTrainTicketService:87   http-nio-8002-exec-9 [32m17224497203961h1[0;39m 总页数：0
2024-08-01 02:15:20.415 INFO  com.fugui.train.common.aspect.LogAspect           :90   http-nio-8002-exec-9 [32m17224497203961h1[0;39m 返回结果: {"content":{"list":[],"total":0},"success":true}
2024-08-01 02:15:20.416 INFO  com.fugui.train.common.aspect.LogAspect           :91   http-nio-8002-exec-9 [32m17224497203961h1[0;39m ------------- 结束 耗时：20 ms -------------
