2024-07-27 23:35:54.101 INFO  o.s.b.devtools.restart.RestartApplicationListener :88   main [32m                [0;39m Restart disabled due to an agent-based reloader being active
2024-07-27 23:35:54.746 INFO  org.hibernate.validator.internal.util.Version     :21   background-preinit [32m                [0;39m HV000001: Hibernate Validator 8.0.0.Final
2024-07-27 23:35:55.060 INFO  com.fugui.train.member.config.MemberApplication   :51   main [32m                [0;39m Starting MemberApplication using Java 17.0.11 with PID 19608 (E:\Desktop\projectCode\12306\train\member\target\classes started by 28413 in E:\Desktop\projectCode\12306\train)
2024-07-27 23:35:55.061 INFO  com.fugui.train.member.config.MemberApplication   :630  main [32m                [0;39m No active profile set, falling back to 1 default profile: "default"
2024-07-27 23:35:55.149 INFO  o.s.b.d.env.DevToolsPropertyDefaultsPostProcessor :250  main [32m                [0;39m Devtools property defaults active! Set 'spring.devtools.add-properties' to 'false' to disable
2024-07-27 23:35:55.149 INFO  o.s.b.d.env.DevToolsPropertyDefaultsPostProcessor :250  main [32m                [0;39m For additional web related logging consider setting the 'logging.level.web' property to 'DEBUG'
2024-07-27 23:35:56.555 INFO  o.springframework.cloud.context.scope.GenericScope:282  main [32m                [0;39m BeanFactory id=ec4307a3-751f-31ab-84d6-a77c678c84c4
2024-07-27 23:35:57.687 INFO  o.s.boot.web.embedded.tomcat.TomcatWebServer      :114  main [32m                [0;39m Tomcat initialized with port(s): 8001 (http)
2024-07-27 23:35:57.722 INFO  org.apache.coyote.http11.Http11NioProtocol        :173  main [32m                [0;39m Initializing ProtocolHandler ["http-nio-8001"]
2024-07-27 23:35:57.723 INFO  org.apache.catalina.core.StandardService          :173  main [32m                [0;39m Starting service [Tomcat]
2024-07-27 23:35:57.723 INFO  org.apache.catalina.core.StandardEngine           :173  main [32m                [0;39m Starting Servlet engine: [Apache Tomcat/10.1.1]
2024-07-27 23:35:57.852 INFO  o.a.c.c.C.[Tomcat].[localhost].[/member]          :173  main [32m                [0;39m Initializing Spring embedded WebApplicationContext
2024-07-27 23:35:57.854 INFO  o.s.b.w.s.c.ServletWebServerApplicationContext    :291  main [32m                [0;39m Root WebApplicationContext: initialization completed in 2703 ms
2024-07-27 23:35:59.001 WARN  o.s.core.LocalVariableTableParameterNameDiscoverer:123  main [32m                [0;39m Using deprecated '-debug' fallback for parameter name resolution. Compile the affected code with '-parameters' instead or avoid its introspection: com.github.pagehelper.autoconfigure.PageHelperStandardProperties
2024-07-27 23:35:59.202 WARN  o.s.b.d.autoconfigure.OptionalLiveReloadServer    :62   main [32m                [0;39m Unable to start LiveReload server
2024-07-27 23:35:59.359 INFO  org.apache.coyote.http11.Http11NioProtocol        :173  main [32m                [0;39m Starting ProtocolHandler ["http-nio-8001"]
2024-07-27 23:35:59.393 INFO  o.s.boot.web.embedded.tomcat.TomcatWebServer      :226  main [32m                [0;39m Tomcat started on port(s): 8001 (http) with context path '/member'
2024-07-27 23:35:59.460 INFO  com.fugui.train.member.config.MemberApplication   :57   main [32m                [0;39m Started MemberApplication in 5.397 seconds (process running for 7.658)
2024-07-27 23:35:59.463 INFO  com.fugui.train.member.config.MemberApplication   :21   main [32m                [0;39m å¯åŠ¨æˆåŠŸ
2024-07-27 23:35:59.464 INFO  com.fugui.train.member.config.MemberApplication   :22   main [32m                [0;39m ç«¯å£å·ï¼šhttp://127.0.0.1:8001/member
2024-07-27 23:36:17.930 INFO  o.a.c.c.C.[Tomcat].[localhost].[/member]          :173  http-nio-8001-exec-1 [32m                [0;39m Initializing Spring DispatcherServlet 'dispatcherServlet'
2024-07-27 23:36:17.930 INFO  org.springframework.web.servlet.DispatcherServlet :525  http-nio-8001-exec-1 [32m                [0;39m Initializing Servlet 'dispatcherServlet'
2024-07-27 23:36:17.932 INFO  org.springframework.web.servlet.DispatcherServlet :547  http-nio-8001-exec-1 [32m                [0;39m Completed initialization in 2 ms
2024-07-27 23:36:18.163 INFO  com.fugui.train.common.aspect.LogAspect           :54   http-nio-8001-exec-1 [32m1722094578158wdq[0;39m ------------- å¼€å§‹ -------------
2024-07-27 23:36:18.163 INFO  com.fugui.train.common.aspect.LogAspect           :55   http-nio-8001-exec-1 [32m1722094578158wdq[0;39m è¯·æ±‚åœ°å€: http://127.0.0.1:8001/member/member/login POST
2024-07-27 23:36:18.164 INFO  com.fugui.train.common.aspect.LogAspect           :56   http-nio-8001-exec-1 [32m1722094578158wdq[0;39m ç±»åæ–¹æ³•: com.fugui.train.member.controller.MemberController.login
2024-07-27 23:36:18.164 INFO  com.fugui.train.common.aspect.LogAspect           :57   http-nio-8001-exec-1 [32m1722094578158wdq[0;39m è¿œç¨‹åœ°å€: 127.0.0.1
2024-07-27 23:36:18.469 INFO  com.fugui.train.common.aspect.LogAspect           :78   http-nio-8001-exec-1 [32m1722094578158wdq[0;39m è¯·æ±‚å‚æ•°: [{"code":"8888"}]
2024-07-27 23:36:18.612 INFO  com.zaxxer.hikari.HikariDataSource                :110  http-nio-8001-exec-1 [32m1722094578158wdq[0;39m HikariPool-1 - Starting...
2024-07-27 23:36:19.068 INFO  com.zaxxer.hikari.pool.HikariPool                 :565  http-nio-8001-exec-1 [32m1722094578158wdq[0;39m HikariPool-1 - Added connection com.mysql.cj.jdbc.ConnectionImpl@52208bd1
2024-07-27 23:36:19.072 INFO  com.zaxxer.hikari.HikariDataSource                :123  http-nio-8001-exec-1 [32m1722094578158wdq[0;39m HikariPool-1 - Start completed.
2024-07-27 23:36:19.085 DEBUG c.f.t.member.mapper.MemberMapper.selectByExample  :137  http-nio-8001-exec-1 [32m1722094578158wdq[0;39m ==>  Preparing: select id, mobile from member WHERE ( mobile = ? )
2024-07-27 23:36:19.130 DEBUG c.f.t.member.mapper.MemberMapper.selectByExample  :137  http-nio-8001-exec-1 [32m1722094578158wdq[0;39m ==> Parameters: 13000000000(String)
2024-07-27 23:36:19.206 TRACE c.f.t.member.mapper.MemberMapper.selectByExample  :143  http-nio-8001-exec-1 [32m1722094578158wdq[0;39m <==    Columns: id, mobile
2024-07-27 23:36:19.207 TRACE c.f.t.member.mapper.MemberMapper.selectByExample  :143  http-nio-8001-exec-1 [32m1722094578158wdq[0;39m <==        Row: 1814358440773029888, 13000000000
2024-07-27 23:36:19.210 DEBUG c.f.t.member.mapper.MemberMapper.selectByExample  :137  http-nio-8001-exec-1 [32m1722094578158wdq[0;39m <==      Total: 1
2024-07-27 23:36:19.687 INFO  com.fugui.train.common.util.JwtUtil               :37   http-nio-8001-exec-1 [32m1722094578158wdq[0;39m ç”ŸæˆJWT tokenï¼šeyJ0eXAiOiJKV1QiLCJhbGciOiJIUzI1NiJ9.eyJuYmYiOjE3MjIwOTQ1NzksIm1vYmlsZSI6IjEzMDAwMDAwMDAwIiwiaWQiOjE4MTQzNTg0NDA3NzMwMjk4ODgsImV4cCI6MTcyMjE4MDk3OSwiaWF0IjoxNzIyMDk0NTc5fQ.iXOv_d9GL4wghrqHNazJ4_gS5u8h1_vxWYtWuOeUY20
2024-07-27 23:36:19.696 INFO  com.fugui.train.common.aspect.LogAspect           :90   http-nio-8001-exec-1 [32m1722094578158wdq[0;39m è¿”å›žç»“æžœ: {"content":{"id":1814358440773029888,"token":"eyJ0eXAiOiJKV1QiLCJhbGciOiJIUzI1NiJ9.eyJuYmYiOjE3MjIwOTQ1NzksIm1vYmlsZSI6IjEzMDAwMDAwMDAwIiwiaWQiOjE4MTQzNTg0NDA3NzMwMjk4ODgsImV4cCI6MTcyMjE4MDk3OSwiaWF0IjoxNzIyMDk0NTc5fQ.iXOv_d9GL4wghrqHNazJ4_gS5u8h1_vxWYtWuOeUY20"},"success":true}
2024-07-27 23:36:19.697 INFO  com.fugui.train.common.aspect.LogAspect           :91   http-nio-8001-exec-1 [32m1722094578158wdq[0;39m ------------- ç»“æŸ è€—æ—¶ï¼š1539 ms -------------
2024-07-27 23:36:42.541 INFO  com.fugui.train.common.util.JwtUtil               :55   http-nio-8001-exec-2 [32m                [0;39m æ ¹æ®tokenèŽ·å–åŽŸå§‹å†…å®¹ï¼š{"mobile":"13000000000","id":1814358440773029888}
2024-07-27 23:36:42.541 INFO  c.fugui.train.common.interceptor.MemberInterceptor:26   http-nio-8001-exec-2 [32m                [0;39m å½“å‰ç™»å½•ç”¨æˆ·ä¿¡æ¯ä¸º{"mobile":"13000000000","id":1814358440773029888}
2024-07-27 23:36:42.541 INFO  c.fugui.train.common.interceptor.MemberInterceptor:27   http-nio-8001-exec-2 [32m                [0;39m å½“å‰ç™»å½•tokenä¸ºeyJ0eXAiOiJKV1QiLCJhbGciOiJIUzI1NiJ9.eyJuYmYiOjE3MjIwOTQ1NzksIm1vYmlsZSI6IjEzMDAwMDAwMDAwIiwiaWQiOjE4MTQzNTg0NDA3NzMwMjk4ODgsImV4cCI6MTcyMjE4MDk3OSwiaWF0IjoxNzIyMDk0NTc5fQ.iXOv_d9GL4wghrqHNazJ4_gS5u8h1_vxWYtWuOeUY20
2024-07-27 23:36:42.565 INFO  com.fugui.train.common.aspect.LogAspect           :54   http-nio-8001-exec-2 [32m1722094602565tro[0;39m ------------- å¼€å§‹ -------------
2024-07-27 23:36:42.566 INFO  com.fugui.train.common.aspect.LogAspect           :55   http-nio-8001-exec-2 [32m1722094602565tro[0;39m è¯·æ±‚åœ°å€: http://127.0.0.1:8001/member/passenger/query-list GET
2024-07-27 23:36:42.566 INFO  com.fugui.train.common.aspect.LogAspect           :56   http-nio-8001-exec-2 [32m1722094602565tro[0;39m ç±»åæ–¹æ³•: com.fugui.train.member.controller.PassengerController.queryList
2024-07-27 23:36:42.566 INFO  com.fugui.train.common.aspect.LogAspect           :57   http-nio-8001-exec-2 [32m1722094602565tro[0;39m è¿œç¨‹åœ°å€: 127.0.0.1
2024-07-27 23:36:42.571 INFO  com.fugui.train.common.aspect.LogAspect           :78   http-nio-8001-exec-2 [32m1722094602565tro[0;39m è¯·æ±‚å‚æ•°: [{"page":1,"size":10}]
2024-07-27 23:36:42.581 INFO  com.fugui.train.member.Service.PassengerService   :52   http-nio-8001-exec-2 [32m1722094602565tro[0;39m æŸ¥è¯¢é¡µç ï¼š1
2024-07-27 23:36:42.581 INFO  com.fugui.train.member.Service.PassengerService   :53   http-nio-8001-exec-2 [32m1722094602565tro[0;39m æ¯é¡µæ¡æ•°ï¼š10
2024-07-27 23:36:42.706 DEBUG c.f.t.m.m.PassengerMapper.selectByExample_COUNT   :137  http-nio-8001-exec-2 [32m1722094602565tro[0;39m ==>  Preparing: SELECT count(0) FROM passenger WHERE (member_id = ?)
2024-07-27 23:36:42.707 DEBUG c.f.t.m.m.PassengerMapper.selectByExample_COUNT   :137  http-nio-8001-exec-2 [32m1722094602565tro[0;39m ==> Parameters: 1814358440773029888(Long)
2024-07-27 23:36:42.719 TRACE c.f.t.m.m.PassengerMapper.selectByExample_COUNT   :143  http-nio-8001-exec-2 [32m1722094602565tro[0;39m <==    Columns: count(0)
2024-07-27 23:36:42.720 TRACE c.f.t.m.m.PassengerMapper.selectByExample_COUNT   :143  http-nio-8001-exec-2 [32m1722094602565tro[0;39m <==        Row: 5
2024-07-27 23:36:42.720 DEBUG c.f.t.m.m.PassengerMapper.selectByExample_COUNT   :137  http-nio-8001-exec-2 [32m1722094602565tro[0;39m <==      Total: 1
2024-07-27 23:36:42.723 DEBUG c.f.t.m.mapper.PassengerMapper.selectByExample    :137  http-nio-8001-exec-2 [32m1722094602565tro[0;39m ==>  Preparing: select id, member_id, `name`, id_card, `type`, create_time, update_time from passenger WHERE ( member_id = ? ) LIMIT ?
2024-07-27 23:36:42.724 DEBUG c.f.t.m.mapper.PassengerMapper.selectByExample    :137  http-nio-8001-exec-2 [32m1722094602565tro[0;39m ==> Parameters: 1814358440773029888(Long), 10(Integer)
2024-07-27 23:36:42.726 TRACE c.f.t.m.mapper.PassengerMapper.selectByExample    :143  http-nio-8001-exec-2 [32m1722094602565tro[0;39m <==    Columns: id, member_id, name, id_card, type, create_time, update_time
2024-07-27 23:36:42.729 TRACE c.f.t.m.mapper.PassengerMapper.selectByExample    :143  http-nio-8001-exec-2 [32m1722094602565tro[0;39m <==        Row: 1814885449693532160, 1814358440773029888, 13000000000, 8888, 1, 2024-07-21 12:49:44.805, 2024-07-21 12:49:44.805
2024-07-27 23:36:42.730 TRACE c.f.t.m.mapper.PassengerMapper.selectByExample    :143  http-nio-8001-exec-2 [32m1722094602565tro[0;39m <==        Row: 1814928524881039360, 1814358440773029888, çŽ‹æ³½é“­, 11, 2, 2024-07-21 15:40:54.731, 2024-07-21 15:40:54.731
2024-07-27 23:36:42.731 TRACE c.f.t.m.mapper.PassengerMapper.selectByExample    :143  http-nio-8001-exec-2 [32m1722094602565tro[0;39m <==        Row: 1815044794435637248, 1814358440773029888, 111, 11, 3, 2024-07-21 23:22:55.552, 2024-07-21 23:22:55.552
2024-07-27 23:36:42.731 TRACE c.f.t.m.mapper.PassengerMapper.selectByExample    :143  http-nio-8001-exec-2 [32m1722094602565tro[0;39m <==        Row: 1815613528694984704, 1814358440773029888, 1, 1, 2, 2024-07-23 13:02:52.364, 2024-07-23 13:02:52.364
2024-07-27 23:36:42.732 TRACE c.f.t.m.mapper.PassengerMapper.selectByExample    :143  http-nio-8001-exec-2 [32m1722094602565tro[0;39m <==        Row: 1815623679330095104, 1814358440773029888, 1, 1, 1, 2024-07-23 13:43:12.466, 2024-07-23 13:43:12.466
2024-07-27 23:36:42.732 DEBUG c.f.t.m.mapper.PassengerMapper.selectByExample    :137  http-nio-8001-exec-2 [32m1722094602565tro[0;39m <==      Total: 5
2024-07-27 23:36:42.736 INFO  com.fugui.train.member.Service.PassengerService   :58   http-nio-8001-exec-2 [32m1722094602565tro[0;39m æ€»è¡Œæ•°ï¼š5
2024-07-27 23:36:42.737 INFO  com.fugui.train.member.Service.PassengerService   :59   http-nio-8001-exec-2 [32m1722094602565tro[0;39m æ€»é¡µæ•°ï¼š1
2024-07-27 23:36:42.753 INFO  com.fugui.train.common.aspect.LogAspect           :90   http-nio-8001-exec-2 [32m1722094602565tro[0;39m è¿”å›žç»“æžœ: {"content":{"list":[{"createTime":1721537384805,"id":1814885449693532160,"idCard":"8888","memberId":1814358440773029888,"name":"13000000000","type":"1","updateTime":1721537384805},{"createTime":1721547654731,"id":1814928524881039360,"idCard":"11","memberId":1814358440773029888,"name":"çŽ‹æ³½é“­","type":"2","updateTime":1721547654731},{"createTime":1721575375552,"id":1815044794435637248,"idCard":"11","memberId":1814358440773029888,"name":"111","type":"3","updateTime":1721575375552},{"createTime":1721710972364,"id":1815613528694984704,"idCard":"1","memberId":1814358440773029888,"name":"1","type":"2","updateTime":1721710972364},{"createTime":1721713392466,"id":1815623679330095104,"idCard":"1","memberId":1814358440773029888,"name":"1","type":"1","updateTime":1721713392466}],"total":5},"success":true}
2024-07-27 23:36:42.754 INFO  com.fugui.train.common.aspect.LogAspect           :91   http-nio-8001-exec-2 [32m1722094602565tro[0;39m ------------- ç»“æŸ è€—æ—¶ï¼š189 ms -------------
2024-07-27 23:36:50.365 INFO  com.fugui.train.common.util.JwtUtil               :55   http-nio-8001-exec-4 [32m                [0;39m æ ¹æ®tokenèŽ·å–åŽŸå§‹å†…å®¹ï¼š{"mobile":"13000000000","id":1814358440773029888}
2024-07-27 23:36:50.366 INFO  c.fugui.train.common.interceptor.MemberInterceptor:26   http-nio-8001-exec-4 [32m                [0;39m å½“å‰ç™»å½•ç”¨æˆ·ä¿¡æ¯ä¸º{"mobile":"13000000000","id":1814358440773029888}
2024-07-27 23:36:50.367 INFO  c.fugui.train.common.interceptor.MemberInterceptor:27   http-nio-8001-exec-4 [32m                [0;39m å½“å‰ç™»å½•tokenä¸ºeyJ0eXAiOiJKV1QiLCJhbGciOiJIUzI1NiJ9.eyJuYmYiOjE3MjIwOTQ1NzksIm1vYmlsZSI6IjEzMDAwMDAwMDAwIiwiaWQiOjE4MTQzNTg0NDA3NzMwMjk4ODgsImV4cCI6MTcyMjE4MDk3OSwiaWF0IjoxNzIyMDk0NTc5fQ.iXOv_d9GL4wghrqHNazJ4_gS5u8h1_vxWYtWuOeUY20
2024-07-27 23:36:50.380 INFO  com.fugui.train.common.util.JwtUtil               :55   http-nio-8001-exec-4 [32m                [0;39m æ ¹æ®tokenèŽ·å–åŽŸå§‹å†…å®¹ï¼š{"mobile":"13000000000","id":1814358440773029888}
2024-07-27 23:36:50.381 INFO  c.fugui.train.common.interceptor.MemberInterceptor:26   http-nio-8001-exec-4 [32m                [0;39m å½“å‰ç™»å½•ç”¨æˆ·ä¿¡æ¯ä¸º{"mobile":"13000000000","id":1814358440773029888}
2024-07-27 23:36:50.381 INFO  c.fugui.train.common.interceptor.MemberInterceptor:27   http-nio-8001-exec-4 [32m                [0;39m å½“å‰ç™»å½•tokenä¸ºeyJ0eXAiOiJKV1QiLCJhbGciOiJIUzI1NiJ9.eyJuYmYiOjE3MjIwOTQ1NzksIm1vYmlsZSI6IjEzMDAwMDAwMDAwIiwiaWQiOjE4MTQzNTg0NDA3NzMwMjk4ODgsImV4cCI6MTcyMjE4MDk3OSwiaWF0IjoxNzIyMDk0NTc5fQ.iXOv_d9GL4wghrqHNazJ4_gS5u8h1_vxWYtWuOeUY20
2024-07-27 23:36:53.475 INFO  com.fugui.train.common.util.JwtUtil               :55   http-nio-8001-exec-3 [32m                [0;39m æ ¹æ®tokenèŽ·å–åŽŸå§‹å†…å®¹ï¼š{"mobile":"13000000000","id":1814358440773029888}
2024-07-27 23:36:53.475 INFO  c.fugui.train.common.interceptor.MemberInterceptor:26   http-nio-8001-exec-3 [32m                [0;39m å½“å‰ç™»å½•ç”¨æˆ·ä¿¡æ¯ä¸º{"mobile":"13000000000","id":1814358440773029888}
2024-07-27 23:36:53.475 INFO  c.fugui.train.common.interceptor.MemberInterceptor:27   http-nio-8001-exec-3 [32m                [0;39m å½“å‰ç™»å½•tokenä¸ºeyJ0eXAiOiJKV1QiLCJhbGciOiJIUzI1NiJ9.eyJuYmYiOjE3MjIwOTQ1NzksIm1vYmlsZSI6IjEzMDAwMDAwMDAwIiwiaWQiOjE4MTQzNTg0NDA3NzMwMjk4ODgsImV4cCI6MTcyMjE4MDk3OSwiaWF0IjoxNzIyMDk0NTc5fQ.iXOv_d9GL4wghrqHNazJ4_gS5u8h1_vxWYtWuOeUY20
2024-07-27 23:36:53.490 INFO  com.fugui.train.common.util.JwtUtil               :55   http-nio-8001-exec-3 [32m                [0;39m æ ¹æ®tokenèŽ·å–åŽŸå§‹å†…å®¹ï¼š{"mobile":"13000000000","id":1814358440773029888}
2024-07-27 23:36:53.490 INFO  c.fugui.train.common.interceptor.MemberInterceptor:26   http-nio-8001-exec-3 [32m                [0;39m å½“å‰ç™»å½•ç”¨æˆ·ä¿¡æ¯ä¸º{"mobile":"13000000000","id":1814358440773029888}
2024-07-27 23:36:53.490 INFO  c.fugui.train.common.interceptor.MemberInterceptor:27   http-nio-8001-exec-3 [32m                [0;39m å½“å‰ç™»å½•tokenä¸ºeyJ0eXAiOiJKV1QiLCJhbGciOiJIUzI1NiJ9.eyJuYmYiOjE3MjIwOTQ1NzksIm1vYmlsZSI6IjEzMDAwMDAwMDAwIiwiaWQiOjE4MTQzNTg0NDA3NzMwMjk4ODgsImV4cCI6MTcyMjE4MDk3OSwiaWF0IjoxNzIyMDk0NTc5fQ.iXOv_d9GL4wghrqHNazJ4_gS5u8h1_vxWYtWuOeUY20
2024-07-27 23:38:53.308 INFO  com.fugui.train.common.aspect.LogAspect           :54   http-nio-8001-exec-6 [32m1722094733308u40[0;39m ------------- å¼€å§‹ -------------
2024-07-27 23:38:53.309 INFO  com.fugui.train.common.aspect.LogAspect           :55   http-nio-8001-exec-6 [32m1722094733308u40[0;39m è¯·æ±‚åœ°å€: http://127.0.0.1:8001/member/member/login POST
2024-07-27 23:38:53.309 INFO  com.fugui.train.common.aspect.LogAspect           :56   http-nio-8001-exec-6 [32m1722094733308u40[0;39m ç±»åæ–¹æ³•: com.fugui.train.member.controller.MemberController.login
2024-07-27 23:38:53.309 INFO  com.fugui.train.common.aspect.LogAspect           :57   http-nio-8001-exec-6 [32m1722094733308u40[0;39m è¿œç¨‹åœ°å€: 127.0.0.1
2024-07-27 23:38:53.310 INFO  com.fugui.train.common.aspect.LogAspect           :78   http-nio-8001-exec-6 [32m1722094733308u40[0;39m è¯·æ±‚å‚æ•°: [{"code":"8888"}]
2024-07-27 23:38:53.311 DEBUG c.f.t.member.mapper.MemberMapper.selectByExample  :137  http-nio-8001-exec-6 [32m1722094733308u40[0;39m ==>  Preparing: select id, mobile from member WHERE ( mobile = ? )
2024-07-27 23:38:53.312 DEBUG c.f.t.member.mapper.MemberMapper.selectByExample  :137  http-nio-8001-exec-6 [32m1722094733308u40[0;39m ==> Parameters: 13000000000(String)
2024-07-27 23:38:53.313 TRACE c.f.t.member.mapper.MemberMapper.selectByExample  :143  http-nio-8001-exec-6 [32m1722094733308u40[0;39m <==    Columns: id, mobile
2024-07-27 23:38:53.313 TRACE c.f.t.member.mapper.MemberMapper.selectByExample  :143  http-nio-8001-exec-6 [32m1722094733308u40[0;39m <==        Row: 1814358440773029888, 13000000000
2024-07-27 23:38:53.314 DEBUG c.f.t.member.mapper.MemberMapper.selectByExample  :137  http-nio-8001-exec-6 [32m1722094733308u40[0;39m <==      Total: 1
2024-07-27 23:38:53.315 INFO  com.fugui.train.common.util.JwtUtil               :37   http-nio-8001-exec-6 [32m1722094733308u40[0;39m ç”ŸæˆJWT tokenï¼šeyJ0eXAiOiJKV1QiLCJhbGciOiJIUzI1NiJ9.eyJuYmYiOjE3MjIwOTQ3MzMsIm1vYmlsZSI6IjEzMDAwMDAwMDAwIiwiaWQiOjE4MTQzNTg0NDA3NzMwMjk4ODgsImV4cCI6MTcyMjE4MTEzMywiaWF0IjoxNzIyMDk0NzMzfQ.c9K_f6zk1TLL2PXCpLVwkP9FyorHkYyuR7PF3QW6994
2024-07-27 23:38:53.316 INFO  com.fugui.train.common.aspect.LogAspect           :90   http-nio-8001-exec-6 [32m1722094733308u40[0;39m è¿”å›žç»“æžœ: {"content":{"id":1814358440773029888,"token":"eyJ0eXAiOiJKV1QiLCJhbGciOiJIUzI1NiJ9.eyJuYmYiOjE3MjIwOTQ3MzMsIm1vYmlsZSI6IjEzMDAwMDAwMDAwIiwiaWQiOjE4MTQzNTg0NDA3NzMwMjk4ODgsImV4cCI6MTcyMjE4MTEzMywiaWF0IjoxNzIyMDk0NzMzfQ.c9K_f6zk1TLL2PXCpLVwkP9FyorHkYyuR7PF3QW6994"},"success":true}
2024-07-27 23:38:53.316 INFO  com.fugui.train.common.aspect.LogAspect           :91   http-nio-8001-exec-6 [32m1722094733308u40[0;39m ------------- ç»“æŸ è€—æ—¶ï¼š8 ms -------------
2024-07-27 23:38:56.953 INFO  com.fugui.train.common.util.JwtUtil               :55   http-nio-8001-exec-7 [32m                [0;39m æ ¹æ®tokenèŽ·å–åŽŸå§‹å†…å®¹ï¼š{"mobile":"13000000000","id":1814358440773029888}
2024-07-27 23:38:56.954 INFO  c.fugui.train.common.interceptor.MemberInterceptor:26   http-nio-8001-exec-7 [32m                [0;39m å½“å‰ç™»å½•ç”¨æˆ·ä¿¡æ¯ä¸º{"mobile":"13000000000","id":1814358440773029888}
2024-07-27 23:38:56.954 INFO  c.fugui.train.common.interceptor.MemberInterceptor:27   http-nio-8001-exec-7 [32m                [0;39m å½“å‰ç™»å½•tokenä¸ºeyJ0eXAiOiJKV1QiLCJhbGciOiJIUzI1NiJ9.eyJuYmYiOjE3MjIwOTQ3MzMsIm1vYmlsZSI6IjEzMDAwMDAwMDAwIiwiaWQiOjE4MTQzNTg0NDA3NzMwMjk4ODgsImV4cCI6MTcyMjE4MTEzMywiaWF0IjoxNzIyMDk0NzMzfQ.c9K_f6zk1TLL2PXCpLVwkP9FyorHkYyuR7PF3QW6994
2024-07-27 23:38:56.955 INFO  com.fugui.train.common.aspect.LogAspect           :54   http-nio-8001-exec-7 [32m1722094736955fo8[0;39m ------------- å¼€å§‹ -------------
2024-07-27 23:38:56.955 INFO  com.fugui.train.common.aspect.LogAspect           :55   http-nio-8001-exec-7 [32m1722094736955fo8[0;39m è¯·æ±‚åœ°å€: http://127.0.0.1:8001/member/passenger/query-list GET
2024-07-27 23:38:56.955 INFO  com.fugui.train.common.aspect.LogAspect           :56   http-nio-8001-exec-7 [32m1722094736955fo8[0;39m ç±»åæ–¹æ³•: com.fugui.train.member.controller.PassengerController.queryList
2024-07-27 23:38:56.955 INFO  com.fugui.train.common.aspect.LogAspect           :57   http-nio-8001-exec-7 [32m1722094736955fo8[0;39m è¿œç¨‹åœ°å€: 127.0.0.1
2024-07-27 23:38:56.956 INFO  com.fugui.train.common.aspect.LogAspect           :78   http-nio-8001-exec-7 [32m1722094736955fo8[0;39m è¯·æ±‚å‚æ•°: [{"page":1,"size":10}]
2024-07-27 23:38:56.956 INFO  com.fugui.train.member.Service.PassengerService   :52   http-nio-8001-exec-7 [32m1722094736955fo8[0;39m æŸ¥è¯¢é¡µç ï¼š1
2024-07-27 23:38:56.956 INFO  com.fugui.train.member.Service.PassengerService   :53   http-nio-8001-exec-7 [32m1722094736955fo8[0;39m æ¯é¡µæ¡æ•°ï¼š10
2024-07-27 23:38:56.962 DEBUG c.f.t.m.m.PassengerMapper.selectByExample_COUNT   :137  http-nio-8001-exec-7 [32m1722094736955fo8[0;39m ==>  Preparing: SELECT count(0) FROM passenger WHERE (member_id = ?)
2024-07-27 23:38:56.963 DEBUG c.f.t.m.m.PassengerMapper.selectByExample_COUNT   :137  http-nio-8001-exec-7 [32m1722094736955fo8[0;39m ==> Parameters: 1814358440773029888(Long)
2024-07-27 23:38:56.964 TRACE c.f.t.m.m.PassengerMapper.selectByExample_COUNT   :143  http-nio-8001-exec-7 [32m1722094736955fo8[0;39m <==    Columns: count(0)
2024-07-27 23:38:56.965 TRACE c.f.t.m.m.PassengerMapper.selectByExample_COUNT   :143  http-nio-8001-exec-7 [32m1722094736955fo8[0;39m <==        Row: 5
2024-07-27 23:38:56.965 DEBUG c.f.t.m.m.PassengerMapper.selectByExample_COUNT   :137  http-nio-8001-exec-7 [32m1722094736955fo8[0;39m <==      Total: 1
2024-07-27 23:38:56.966 DEBUG c.f.t.m.mapper.PassengerMapper.selectByExample    :137  http-nio-8001-exec-7 [32m1722094736955fo8[0;39m ==>  Preparing: select id, member_id, `name`, id_card, `type`, create_time, update_time from passenger WHERE ( member_id = ? ) LIMIT ?
2024-07-27 23:38:56.966 DEBUG c.f.t.m.mapper.PassengerMapper.selectByExample    :137  http-nio-8001-exec-7 [32m1722094736955fo8[0;39m ==> Parameters: 1814358440773029888(Long), 10(Integer)
2024-07-27 23:38:56.968 TRACE c.f.t.m.mapper.PassengerMapper.selectByExample    :143  http-nio-8001-exec-7 [32m1722094736955fo8[0;39m <==    Columns: id, member_id, name, id_card, type, create_time, update_time
2024-07-27 23:38:56.968 TRACE c.f.t.m.mapper.PassengerMapper.selectByExample    :143  http-nio-8001-exec-7 [32m1722094736955fo8[0;39m <==        Row: 1814885449693532160, 1814358440773029888, 13000000000, 8888, 1, 2024-07-21 12:49:44.805, 2024-07-21 12:49:44.805
2024-07-27 23:38:56.970 TRACE c.f.t.m.mapper.PassengerMapper.selectByExample    :143  http-nio-8001-exec-7 [32m1722094736955fo8[0;39m <==        Row: 1814928524881039360, 1814358440773029888, çŽ‹æ³½é“­, 11, 2, 2024-07-21 15:40:54.731, 2024-07-21 15:40:54.731
2024-07-27 23:38:56.972 TRACE c.f.t.m.mapper.PassengerMapper.selectByExample    :143  http-nio-8001-exec-7 [32m1722094736955fo8[0;39m <==        Row: 1815044794435637248, 1814358440773029888, 111, 11, 3, 2024-07-21 23:22:55.552, 2024-07-21 23:22:55.552
2024-07-27 23:38:56.974 TRACE c.f.t.m.mapper.PassengerMapper.selectByExample    :143  http-nio-8001-exec-7 [32m1722094736955fo8[0;39m <==        Row: 1815613528694984704, 1814358440773029888, 1, 1, 2, 2024-07-23 13:02:52.364, 2024-07-23 13:02:52.364
2024-07-27 23:38:56.976 TRACE c.f.t.m.mapper.PassengerMapper.selectByExample    :143  http-nio-8001-exec-7 [32m1722094736955fo8[0;39m <==        Row: 1815623679330095104, 1814358440773029888, 1, 1, 1, 2024-07-23 13:43:12.466, 2024-07-23 13:43:12.466
2024-07-27 23:38:56.977 DEBUG c.f.t.m.mapper.PassengerMapper.selectByExample    :137  http-nio-8001-exec-7 [32m1722094736955fo8[0;39m <==      Total: 5
2024-07-27 23:38:56.977 INFO  com.fugui.train.member.Service.PassengerService   :58   http-nio-8001-exec-7 [32m1722094736955fo8[0;39m æ€»è¡Œæ•°ï¼š5
2024-07-27 23:38:56.977 INFO  com.fugui.train.member.Service.PassengerService   :59   http-nio-8001-exec-7 [32m1722094736955fo8[0;39m æ€»é¡µæ•°ï¼š1
2024-07-27 23:38:56.980 INFO  com.fugui.train.common.aspect.LogAspect           :90   http-nio-8001-exec-7 [32m1722094736955fo8[0;39m è¿”å›žç»“æžœ: {"content":{"list":[{"createTime":1721537384805,"id":1814885449693532160,"idCard":"8888","memberId":1814358440773029888,"name":"13000000000","type":"1","updateTime":1721537384805},{"createTime":1721547654731,"id":1814928524881039360,"idCard":"11","memberId":1814358440773029888,"name":"çŽ‹æ³½é“­","type":"2","updateTime":1721547654731},{"createTime":1721575375552,"id":1815044794435637248,"idCard":"11","memberId":1814358440773029888,"name":"111","type":"3","updateTime":1721575375552},{"createTime":1721710972364,"id":1815613528694984704,"idCard":"1","memberId":1814358440773029888,"name":"1","type":"2","updateTime":1721710972364},{"createTime":1721713392466,"id":1815623679330095104,"idCard":"1","memberId":1814358440773029888,"name":"1","type":"1","updateTime":1721713392466}],"total":5},"success":true}
2024-07-27 23:38:56.980 INFO  com.fugui.train.common.aspect.LogAspect           :91   http-nio-8001-exec-7 [32m1722094736955fo8[0;39m ------------- ç»“æŸ è€—æ—¶ï¼š25 ms -------------
2024-07-27 23:54:12.832 INFO  com.fugui.train.common.util.JwtUtil               :55   http-nio-8001-exec-9 [32m                [0;39m æ ¹æ®tokenèŽ·å–åŽŸå§‹å†…å®¹ï¼š{"mobile":"13000000000","id":1814358440773029888}
2024-07-27 23:54:12.835 INFO  c.fugui.train.common.interceptor.MemberInterceptor:26   http-nio-8001-exec-9 [32m                [0;39m å½“å‰ç™»å½•ç”¨æˆ·ä¿¡æ¯ä¸º{"mobile":"13000000000","id":1814358440773029888}
2024-07-27 23:54:12.835 INFO  c.fugui.train.common.interceptor.MemberInterceptor:27   http-nio-8001-exec-9 [32m                [0;39m å½“å‰ç™»å½•tokenä¸ºeyJ0eXAiOiJKV1QiLCJhbGciOiJIUzI1NiJ9.eyJuYmYiOjE3MjIwOTQ1NzksIm1vYmlsZSI6IjEzMDAwMDAwMDAwIiwiaWQiOjE4MTQzNTg0NDA3NzMwMjk4ODgsImV4cCI6MTcyMjE4MDk3OSwiaWF0IjoxNzIyMDk0NTc5fQ.iXOv_d9GL4wghrqHNazJ4_gS5u8h1_vxWYtWuOeUY20
2024-07-27 23:54:12.843 INFO  com.fugui.train.common.aspect.LogAspect           :54   http-nio-8001-exec-9 [32m1722095652843wql[0;39m ------------- å¼€å§‹ -------------
2024-07-27 23:54:12.844 INFO  com.fugui.train.common.aspect.LogAspect           :55   http-nio-8001-exec-9 [32m1722095652843wql[0;39m è¯·æ±‚åœ°å€: http://127.0.0.1:8001/member/passenger/query-list GET
2024-07-27 23:54:12.844 INFO  com.fugui.train.common.aspect.LogAspect           :56   http-nio-8001-exec-9 [32m1722095652843wql[0;39m ç±»åæ–¹æ³•: com.fugui.train.member.controller.PassengerController.queryList
2024-07-27 23:54:12.844 INFO  com.fugui.train.common.aspect.LogAspect           :57   http-nio-8001-exec-9 [32m1722095652843wql[0;39m è¿œç¨‹åœ°å€: 127.0.0.1
2024-07-27 23:54:12.844 INFO  com.fugui.train.common.aspect.LogAspect           :78   http-nio-8001-exec-9 [32m1722095652843wql[0;39m è¯·æ±‚å‚æ•°: [{"page":1,"size":10}]
2024-07-27 23:54:12.845 INFO  com.fugui.train.member.Service.PassengerService   :52   http-nio-8001-exec-9 [32m1722095652843wql[0;39m æŸ¥è¯¢é¡µç ï¼š1
2024-07-27 23:54:12.845 INFO  com.fugui.train.member.Service.PassengerService   :53   http-nio-8001-exec-9 [32m1722095652843wql[0;39m æ¯é¡µæ¡æ•°ï¼š10
2024-07-27 23:54:12.855 DEBUG c.f.t.m.m.PassengerMapper.selectByExample_COUNT   :137  http-nio-8001-exec-9 [32m1722095652843wql[0;39m ==>  Preparing: SELECT count(0) FROM passenger WHERE (member_id = ?)
2024-07-27 23:54:12.856 DEBUG c.f.t.m.m.PassengerMapper.selectByExample_COUNT   :137  http-nio-8001-exec-9 [32m1722095652843wql[0;39m ==> Parameters: 1814358440773029888(Long)
2024-07-27 23:54:12.858 TRACE c.f.t.m.m.PassengerMapper.selectByExample_COUNT   :143  http-nio-8001-exec-9 [32m1722095652843wql[0;39m <==    Columns: count(0)
2024-07-27 23:54:12.858 TRACE c.f.t.m.m.PassengerMapper.selectByExample_COUNT   :143  http-nio-8001-exec-9 [32m1722095652843wql[0;39m <==        Row: 5
2024-07-27 23:54:12.859 DEBUG c.f.t.m.m.PassengerMapper.selectByExample_COUNT   :137  http-nio-8001-exec-9 [32m1722095652843wql[0;39m <==      Total: 1
2024-07-27 23:54:12.859 DEBUG c.f.t.m.mapper.PassengerMapper.selectByExample    :137  http-nio-8001-exec-9 [32m1722095652843wql[0;39m ==>  Preparing: select id, member_id, `name`, id_card, `type`, create_time, update_time from passenger WHERE ( member_id = ? ) LIMIT ?
2024-07-27 23:54:12.860 DEBUG c.f.t.m.mapper.PassengerMapper.selectByExample    :137  http-nio-8001-exec-9 [32m1722095652843wql[0;39m ==> Parameters: 1814358440773029888(Long), 10(Integer)
2024-07-27 23:54:12.861 TRACE c.f.t.m.mapper.PassengerMapper.selectByExample    :143  http-nio-8001-exec-9 [32m1722095652843wql[0;39m <==    Columns: id, member_id, name, id_card, type, create_time, update_time
2024-07-27 23:54:12.862 TRACE c.f.t.m.mapper.PassengerMapper.selectByExample    :143  http-nio-8001-exec-9 [32m1722095652843wql[0;39m <==        Row: 1814885449693532160, 1814358440773029888, 13000000000, 8888, 1, 2024-07-21 12:49:44.805, 2024-07-21 12:49:44.805
2024-07-27 23:54:12.863 TRACE c.f.t.m.mapper.PassengerMapper.selectByExample    :143  http-nio-8001-exec-9 [32m1722095652843wql[0;39m <==        Row: 1814928524881039360, 1814358440773029888, çŽ‹æ³½é“­, 11, 2, 2024-07-21 15:40:54.731, 2024-07-21 15:40:54.731
2024-07-27 23:54:12.864 TRACE c.f.t.m.mapper.PassengerMapper.selectByExample    :143  http-nio-8001-exec-9 [32m1722095652843wql[0;39m <==        Row: 1815044794435637248, 1814358440773029888, 111, 11, 3, 2024-07-21 23:22:55.552, 2024-07-21 23:22:55.552
2024-07-27 23:54:12.865 TRACE c.f.t.m.mapper.PassengerMapper.selectByExample    :143  http-nio-8001-exec-9 [32m1722095652843wql[0;39m <==        Row: 1815613528694984704, 1814358440773029888, 1, 1, 2, 2024-07-23 13:02:52.364, 2024-07-23 13:02:52.364
2024-07-27 23:54:12.866 TRACE c.f.t.m.mapper.PassengerMapper.selectByExample    :143  http-nio-8001-exec-9 [32m1722095652843wql[0;39m <==        Row: 1815623679330095104, 1814358440773029888, 1, 1, 1, 2024-07-23 13:43:12.466, 2024-07-23 13:43:12.466
2024-07-27 23:54:12.867 DEBUG c.f.t.m.mapper.PassengerMapper.selectByExample    :137  http-nio-8001-exec-9 [32m1722095652843wql[0;39m <==      Total: 5
2024-07-27 23:54:12.867 INFO  com.fugui.train.member.Service.PassengerService   :58   http-nio-8001-exec-9 [32m1722095652843wql[0;39m æ€»è¡Œæ•°ï¼š5
2024-07-27 23:54:12.867 INFO  com.fugui.train.member.Service.PassengerService   :59   http-nio-8001-exec-9 [32m1722095652843wql[0;39m æ€»é¡µæ•°ï¼š1
2024-07-27 23:54:12.868 INFO  com.fugui.train.common.aspect.LogAspect           :90   http-nio-8001-exec-9 [32m1722095652843wql[0;39m è¿”å›žç»“æžœ: {"content":{"list":[{"createTime":1721537384805,"id":1814885449693532160,"idCard":"8888","memberId":1814358440773029888,"name":"13000000000","type":"1","updateTime":1721537384805},{"createTime":1721547654731,"id":1814928524881039360,"idCard":"11","memberId":1814358440773029888,"name":"çŽ‹æ³½é“­","type":"2","updateTime":1721547654731},{"createTime":1721575375552,"id":1815044794435637248,"idCard":"11","memberId":1814358440773029888,"name":"111","type":"3","updateTime":1721575375552},{"createTime":1721710972364,"id":1815613528694984704,"idCard":"1","memberId":1814358440773029888,"name":"1","type":"2","updateTime":1721710972364},{"createTime":1721713392466,"id":1815623679330095104,"idCard":"1","memberId":1814358440773029888,"name":"1","type":"1","updateTime":1721713392466}],"total":5},"success":true}
2024-07-27 23:54:12.869 INFO  com.fugui.train.common.aspect.LogAspect           :91   http-nio-8001-exec-9 [32m1722095652843wql[0;39m ------------- ç»“æŸ è€—æ—¶ï¼š27 ms -------------
2024-07-27 23:56:21.955 INFO  com.fugui.train.common.util.JwtUtil               :55   http-nio-8001-exec-1 [32m1722094578158wdq[0;39m æ ¹æ®tokenèŽ·å–åŽŸå§‹å†…å®¹ï¼š{"mobile":"13000000000","id":1814358440773029888}
2024-07-27 23:56:21.956 INFO  c.fugui.train.common.interceptor.MemberInterceptor:26   http-nio-8001-exec-1 [32m1722094578158wdq[0;39m å½“å‰ç™»å½•ç”¨æˆ·ä¿¡æ¯ä¸º{"mobile":"13000000000","id":1814358440773029888}
2024-07-27 23:56:21.956 INFO  c.fugui.train.common.interceptor.MemberInterceptor:27   http-nio-8001-exec-1 [32m1722094578158wdq[0;39m å½“å‰ç™»å½•tokenä¸ºeyJ0eXAiOiJKV1QiLCJhbGciOiJIUzI1NiJ9.eyJuYmYiOjE3MjIwOTQ1NzksIm1vYmlsZSI6IjEzMDAwMDAwMDAwIiwiaWQiOjE4MTQzNTg0NDA3NzMwMjk4ODgsImV4cCI6MTcyMjE4MDk3OSwiaWF0IjoxNzIyMDk0NTc5fQ.iXOv_d9GL4wghrqHNazJ4_gS5u8h1_vxWYtWuOeUY20
2024-07-27 23:56:21.961 INFO  com.fugui.train.common.util.JwtUtil               :55   http-nio-8001-exec-1 [32m1722094578158wdq[0;39m æ ¹æ®tokenèŽ·å–åŽŸå§‹å†…å®¹ï¼š{"mobile":"13000000000","id":1814358440773029888}
2024-07-27 23:56:21.961 INFO  c.fugui.train.common.interceptor.MemberInterceptor:26   http-nio-8001-exec-1 [32m1722094578158wdq[0;39m å½“å‰ç™»å½•ç”¨æˆ·ä¿¡æ¯ä¸º{"mobile":"13000000000","id":1814358440773029888}
2024-07-27 23:56:21.961 INFO  c.fugui.train.common.interceptor.MemberInterceptor:27   http-nio-8001-exec-1 [32m1722094578158wdq[0;39m å½“å‰ç™»å½•tokenä¸ºeyJ0eXAiOiJKV1QiLCJhbGciOiJIUzI1NiJ9.eyJuYmYiOjE3MjIwOTQ1NzksIm1vYmlsZSI6IjEzMDAwMDAwMDAwIiwiaWQiOjE4MTQzNTg0NDA3NzMwMjk4ODgsImV4cCI6MTcyMjE4MDk3OSwiaWF0IjoxNzIyMDk0NTc5fQ.iXOv_d9GL4wghrqHNazJ4_gS5u8h1_vxWYtWuOeUY20
2024-07-27 23:56:25.863 INFO  com.fugui.train.common.util.JwtUtil               :55   http-nio-8001-exec-2 [32m1722094602565tro[0;39m æ ¹æ®tokenèŽ·å–åŽŸå§‹å†…å®¹ï¼š{"mobile":"13000000000","id":1814358440773029888}
2024-07-27 23:56:25.863 INFO  c.fugui.train.common.interceptor.MemberInterceptor:26   http-nio-8001-exec-2 [32m1722094602565tro[0;39m å½“å‰ç™»å½•ç”¨æˆ·ä¿¡æ¯ä¸º{"mobile":"13000000000","id":1814358440773029888}
2024-07-27 23:56:25.863 INFO  c.fugui.train.common.interceptor.MemberInterceptor:27   http-nio-8001-exec-2 [32m1722094602565tro[0;39m å½“å‰ç™»å½•tokenä¸ºeyJ0eXAiOiJKV1QiLCJhbGciOiJIUzI1NiJ9.eyJuYmYiOjE3MjIwOTQ1NzksIm1vYmlsZSI6IjEzMDAwMDAwMDAwIiwiaWQiOjE4MTQzNTg0NDA3NzMwMjk4ODgsImV4cCI6MTcyMjE4MDk3OSwiaWF0IjoxNzIyMDk0NTc5fQ.iXOv_d9GL4wghrqHNazJ4_gS5u8h1_vxWYtWuOeUY20
2024-07-27 23:56:25.865 INFO  com.fugui.train.common.aspect.LogAspect           :54   http-nio-8001-exec-2 [32m17220957858650x5[0;39m ------------- å¼€å§‹ -------------
2024-07-27 23:56:25.865 INFO  com.fugui.train.common.aspect.LogAspect           :55   http-nio-8001-exec-2 [32m17220957858650x5[0;39m è¯·æ±‚åœ°å€: http://127.0.0.1:8001/member/member/login POST
2024-07-27 23:56:25.866 INFO  com.fugui.train.common.aspect.LogAspect           :56   http-nio-8001-exec-2 [32m17220957858650x5[0;39m ç±»åæ–¹æ³•: com.fugui.train.member.controller.MemberController.login
2024-07-27 23:56:25.866 INFO  com.fugui.train.common.aspect.LogAspect           :57   http-nio-8001-exec-2 [32m17220957858650x5[0;39m è¿œç¨‹åœ°å€: 127.0.0.1
2024-07-27 23:56:25.866 INFO  com.fugui.train.common.aspect.LogAspect           :78   http-nio-8001-exec-2 [32m17220957858650x5[0;39m è¯·æ±‚å‚æ•°: [{"code":"8888"}]
2024-07-27 23:56:25.867 DEBUG c.f.t.member.mapper.MemberMapper.selectByExample  :137  http-nio-8001-exec-2 [32m17220957858650x5[0;39m ==>  Preparing: select id, mobile from member WHERE ( mobile = ? )
2024-07-27 23:56:25.868 DEBUG c.f.t.member.mapper.MemberMapper.selectByExample  :137  http-nio-8001-exec-2 [32m17220957858650x5[0;39m ==> Parameters: 13000000000(String)
2024-07-27 23:56:25.869 TRACE c.f.t.member.mapper.MemberMapper.selectByExample  :143  http-nio-8001-exec-2 [32m17220957858650x5[0;39m <==    Columns: id, mobile
2024-07-27 23:56:25.869 TRACE c.f.t.member.mapper.MemberMapper.selectByExample  :143  http-nio-8001-exec-2 [32m17220957858650x5[0;39m <==        Row: 1814358440773029888, 13000000000
2024-07-27 23:56:25.869 DEBUG c.f.t.member.mapper.MemberMapper.selectByExample  :137  http-nio-8001-exec-2 [32m17220957858650x5[0;39m <==      Total: 1
2024-07-27 23:56:25.870 INFO  com.fugui.train.common.util.JwtUtil               :37   http-nio-8001-exec-2 [32m17220957858650x5[0;39m ç”ŸæˆJWT tokenï¼šeyJ0eXAiOiJKV1QiLCJhbGciOiJIUzI1NiJ9.eyJuYmYiOjE3MjIwOTU3ODUsIm1vYmlsZSI6IjEzMDAwMDAwMDAwIiwiaWQiOjE4MTQzNTg0NDA3NzMwMjk4ODgsImV4cCI6MTcyMjE4MjE4NSwiaWF0IjoxNzIyMDk1Nzg1fQ.OzfOn796qgGjQWNu8oVv5GA40drn9B9Aof6k-6yyEwU
2024-07-27 23:56:25.871 INFO  com.fugui.train.common.aspect.LogAspect           :90   http-nio-8001-exec-2 [32m17220957858650x5[0;39m è¿”å›žç»“æžœ: {"content":{"id":1814358440773029888,"token":"eyJ0eXAiOiJKV1QiLCJhbGciOiJIUzI1NiJ9.eyJuYmYiOjE3MjIwOTU3ODUsIm1vYmlsZSI6IjEzMDAwMDAwMDAwIiwiaWQiOjE4MTQzNTg0NDA3NzMwMjk4ODgsImV4cCI6MTcyMjE4MjE4NSwiaWF0IjoxNzIyMDk1Nzg1fQ.OzfOn796qgGjQWNu8oVv5GA40drn9B9Aof6k-6yyEwU"},"success":true}
2024-07-27 23:56:25.871 INFO  com.fugui.train.common.aspect.LogAspect           :91   http-nio-8001-exec-2 [32m17220957858650x5[0;39m ------------- ç»“æŸ è€—æ—¶ï¼š6 ms -------------
2024-07-27 23:56:27.768 INFO  com.fugui.train.common.util.JwtUtil               :55   http-nio-8001-exec-4 [32m                [0;39m æ ¹æ®tokenèŽ·å–åŽŸå§‹å†…å®¹ï¼š{"mobile":"13000000000","id":1814358440773029888}
2024-07-27 23:56:27.768 INFO  c.fugui.train.common.interceptor.MemberInterceptor:26   http-nio-8001-exec-4 [32m                [0;39m å½“å‰ç™»å½•ç”¨æˆ·ä¿¡æ¯ä¸º{"mobile":"13000000000","id":1814358440773029888}
2024-07-27 23:56:27.768 INFO  c.fugui.train.common.interceptor.MemberInterceptor:27   http-nio-8001-exec-4 [32m                [0;39m å½“å‰ç™»å½•tokenä¸ºeyJ0eXAiOiJKV1QiLCJhbGciOiJIUzI1NiJ9.eyJuYmYiOjE3MjIwOTU3ODUsIm1vYmlsZSI6IjEzMDAwMDAwMDAwIiwiaWQiOjE4MTQzNTg0NDA3NzMwMjk4ODgsImV4cCI6MTcyMjE4MjE4NSwiaWF0IjoxNzIyMDk1Nzg1fQ.OzfOn796qgGjQWNu8oVv5GA40drn9B9Aof6k-6yyEwU
2024-07-27 23:56:27.769 INFO  com.fugui.train.common.aspect.LogAspect           :54   http-nio-8001-exec-4 [32m1722095787769ozg[0;39m ------------- å¼€å§‹ -------------
2024-07-27 23:56:27.770 INFO  com.fugui.train.common.aspect.LogAspect           :55   http-nio-8001-exec-4 [32m1722095787769ozg[0;39m è¯·æ±‚åœ°å€: http://127.0.0.1:8001/member/passenger/query-list GET
2024-07-27 23:56:27.770 INFO  com.fugui.train.common.aspect.LogAspect           :56   http-nio-8001-exec-4 [32m1722095787769ozg[0;39m ç±»åæ–¹æ³•: com.fugui.train.member.controller.PassengerController.queryList
2024-07-27 23:56:27.770 INFO  com.fugui.train.common.aspect.LogAspect           :57   http-nio-8001-exec-4 [32m1722095787769ozg[0;39m è¿œç¨‹åœ°å€: 127.0.0.1
2024-07-27 23:56:27.770 INFO  com.fugui.train.common.aspect.LogAspect           :78   http-nio-8001-exec-4 [32m1722095787769ozg[0;39m è¯·æ±‚å‚æ•°: [{"page":1,"size":10}]
2024-07-27 23:56:27.770 INFO  com.fugui.train.member.Service.PassengerService   :52   http-nio-8001-exec-4 [32m1722095787769ozg[0;39m æŸ¥è¯¢é¡µç ï¼š1
2024-07-27 23:56:27.770 INFO  com.fugui.train.member.Service.PassengerService   :53   http-nio-8001-exec-4 [32m1722095787769ozg[0;39m æ¯é¡µæ¡æ•°ï¼š10
2024-07-27 23:56:27.775 DEBUG c.f.t.m.m.PassengerMapper.selectByExample_COUNT   :137  http-nio-8001-exec-4 [32m1722095787769ozg[0;39m ==>  Preparing: SELECT count(0) FROM passenger WHERE (member_id = ?)
2024-07-27 23:56:27.776 DEBUG c.f.t.m.m.PassengerMapper.selectByExample_COUNT   :137  http-nio-8001-exec-4 [32m1722095787769ozg[0;39m ==> Parameters: 1814358440773029888(Long)
2024-07-27 23:56:27.777 TRACE c.f.t.m.m.PassengerMapper.selectByExample_COUNT   :143  http-nio-8001-exec-4 [32m1722095787769ozg[0;39m <==    Columns: count(0)
2024-07-27 23:56:27.777 TRACE c.f.t.m.m.PassengerMapper.selectByExample_COUNT   :143  http-nio-8001-exec-4 [32m1722095787769ozg[0;39m <==        Row: 5
2024-07-27 23:56:27.777 DEBUG c.f.t.m.m.PassengerMapper.selectByExample_COUNT   :137  http-nio-8001-exec-4 [32m1722095787769ozg[0;39m <==      Total: 1
2024-07-27 23:56:27.777 DEBUG c.f.t.m.mapper.PassengerMapper.selectByExample    :137  http-nio-8001-exec-4 [32m1722095787769ozg[0;39m ==>  Preparing: select id, member_id, `name`, id_card, `type`, create_time, update_time from passenger WHERE ( member_id = ? ) LIMIT ?
2024-07-27 23:56:27.781 DEBUG c.f.t.m.mapper.PassengerMapper.selectByExample    :137  http-nio-8001-exec-4 [32m1722095787769ozg[0;39m ==> Parameters: 1814358440773029888(Long), 10(Integer)
2024-07-27 23:56:27.782 TRACE c.f.t.m.mapper.PassengerMapper.selectByExample    :143  http-nio-8001-exec-4 [32m1722095787769ozg[0;39m <==    Columns: id, member_id, name, id_card, type, create_time, update_time
2024-07-27 23:56:27.782 TRACE c.f.t.m.mapper.PassengerMapper.selectByExample    :143  http-nio-8001-exec-4 [32m1722095787769ozg[0;39m <==        Row: 1814885449693532160, 1814358440773029888, 13000000000, 8888, 1, 2024-07-21 12:49:44.805, 2024-07-21 12:49:44.805
2024-07-27 23:56:27.786 TRACE c.f.t.m.mapper.PassengerMapper.selectByExample    :143  http-nio-8001-exec-4 [32m1722095787769ozg[0;39m <==        Row: 1814928524881039360, 1814358440773029888, çŽ‹æ³½é“­, 11, 2, 2024-07-21 15:40:54.731, 2024-07-21 15:40:54.731
2024-07-27 23:56:27.788 TRACE c.f.t.m.mapper.PassengerMapper.selectByExample    :143  http-nio-8001-exec-4 [32m1722095787769ozg[0;39m <==        Row: 1815044794435637248, 1814358440773029888, 111, 11, 3, 2024-07-21 23:22:55.552, 2024-07-21 23:22:55.552
2024-07-27 23:56:27.789 TRACE c.f.t.m.mapper.PassengerMapper.selectByExample    :143  http-nio-8001-exec-4 [32m1722095787769ozg[0;39m <==        Row: 1815613528694984704, 1814358440773029888, 1, 1, 2, 2024-07-23 13:02:52.364, 2024-07-23 13:02:52.364
2024-07-27 23:56:27.790 TRACE c.f.t.m.mapper.PassengerMapper.selectByExample    :143  http-nio-8001-exec-4 [32m1722095787769ozg[0;39m <==        Row: 1815623679330095104, 1814358440773029888, 1, 1, 1, 2024-07-23 13:43:12.466, 2024-07-23 13:43:12.466
2024-07-27 23:56:27.791 DEBUG c.f.t.m.mapper.PassengerMapper.selectByExample    :137  http-nio-8001-exec-4 [32m1722095787769ozg[0;39m <==      Total: 5
2024-07-27 23:56:27.792 INFO  com.fugui.train.member.Service.PassengerService   :58   http-nio-8001-exec-4 [32m1722095787769ozg[0;39m æ€»è¡Œæ•°ï¼š5
2024-07-27 23:56:27.793 INFO  com.fugui.train.member.Service.PassengerService   :59   http-nio-8001-exec-4 [32m1722095787769ozg[0;39m æ€»é¡µæ•°ï¼š1
2024-07-27 23:56:27.805 INFO  com.fugui.train.common.aspect.LogAspect           :90   http-nio-8001-exec-4 [32m1722095787769ozg[0;39m è¿”å›žç»“æžœ: {"content":{"list":[{"createTime":1721537384805,"id":1814885449693532160,"idCard":"8888","memberId":1814358440773029888,"name":"13000000000","type":"1","updateTime":1721537384805},{"createTime":1721547654731,"id":1814928524881039360,"idCard":"11","memberId":1814358440773029888,"name":"çŽ‹æ³½é“­","type":"2","updateTime":1721547654731},{"createTime":1721575375552,"id":1815044794435637248,"idCard":"11","memberId":1814358440773029888,"name":"111","type":"3","updateTime":1721575375552},{"createTime":1721710972364,"id":1815613528694984704,"idCard":"1","memberId":1814358440773029888,"name":"1","type":"2","updateTime":1721710972364},{"createTime":1721713392466,"id":1815623679330095104,"idCard":"1","memberId":1814358440773029888,"name":"1","type":"1","updateTime":1721713392466}],"total":5},"success":true}
2024-07-27 23:56:27.805 INFO  com.fugui.train.common.aspect.LogAspect           :91   http-nio-8001-exec-4 [32m1722095787769ozg[0;39m ------------- ç»“æŸ è€—æ—¶ï¼š36 ms -------------
2024-07-27 23:57:07.775 INFO  com.fugui.train.common.util.JwtUtil               :55   http-nio-8001-exec-3 [32m                [0;39m æ ¹æ®tokenèŽ·å–åŽŸå§‹å†…å®¹ï¼š{"mobile":"13000000000","id":1814358440773029888}
2024-07-27 23:57:07.775 INFO  c.fugui.train.common.interceptor.MemberInterceptor:26   http-nio-8001-exec-3 [32m                [0;39m å½“å‰ç™»å½•ç”¨æˆ·ä¿¡æ¯ä¸º{"mobile":"13000000000","id":1814358440773029888}
2024-07-27 23:57:07.775 INFO  c.fugui.train.common.interceptor.MemberInterceptor:27   http-nio-8001-exec-3 [32m                [0;39m å½“å‰ç™»å½•tokenä¸ºeyJ0eXAiOiJKV1QiLCJhbGciOiJIUzI1NiJ9.eyJuYmYiOjE3MjIwOTQ3MzMsIm1vYmlsZSI6IjEzMDAwMDAwMDAwIiwiaWQiOjE4MTQzNTg0NDA3NzMwMjk4ODgsImV4cCI6MTcyMjE4MTEzMywiaWF0IjoxNzIyMDk0NzMzfQ.c9K_f6zk1TLL2PXCpLVwkP9FyorHkYyuR7PF3QW6994
2024-07-27 23:57:07.778 INFO  com.fugui.train.common.util.JwtUtil               :55   http-nio-8001-exec-3 [32m                [0;39m æ ¹æ®tokenèŽ·å–åŽŸå§‹å†…å®¹ï¼š{"mobile":"13000000000","id":1814358440773029888}
2024-07-27 23:57:07.779 INFO  c.fugui.train.common.interceptor.MemberInterceptor:26   http-nio-8001-exec-3 [32m                [0;39m å½“å‰ç™»å½•ç”¨æˆ·ä¿¡æ¯ä¸º{"mobile":"13000000000","id":1814358440773029888}
2024-07-27 23:57:07.779 INFO  c.fugui.train.common.interceptor.MemberInterceptor:27   http-nio-8001-exec-3 [32m                [0;39m å½“å‰ç™»å½•tokenä¸ºeyJ0eXAiOiJKV1QiLCJhbGciOiJIUzI1NiJ9.eyJuYmYiOjE3MjIwOTQ3MzMsIm1vYmlsZSI6IjEzMDAwMDAwMDAwIiwiaWQiOjE4MTQzNTg0NDA3NzMwMjk4ODgsImV4cCI6MTcyMjE4MTEzMywiaWF0IjoxNzIyMDk0NzMzfQ.c9K_f6zk1TLL2PXCpLVwkP9FyorHkYyuR7PF3QW6994
2024-07-27 23:57:10.482 INFO  com.fugui.train.common.util.JwtUtil               :55   http-nio-8001-exec-5 [32m                [0;39m æ ¹æ®tokenèŽ·å–åŽŸå§‹å†…å®¹ï¼š{"mobile":"13000000000","id":1814358440773029888}
2024-07-27 23:57:10.483 INFO  c.fugui.train.common.interceptor.MemberInterceptor:26   http-nio-8001-exec-5 [32m                [0;39m å½“å‰ç™»å½•ç”¨æˆ·ä¿¡æ¯ä¸º{"mobile":"13000000000","id":1814358440773029888}
2024-07-27 23:57:10.483 INFO  c.fugui.train.common.interceptor.MemberInterceptor:27   http-nio-8001-exec-5 [32m                [0;39m å½“å‰ç™»å½•tokenä¸ºeyJ0eXAiOiJKV1QiLCJhbGciOiJIUzI1NiJ9.eyJuYmYiOjE3MjIwOTQ3MzMsIm1vYmlsZSI6IjEzMDAwMDAwMDAwIiwiaWQiOjE4MTQzNTg0NDA3NzMwMjk4ODgsImV4cCI6MTcyMjE4MTEzMywiaWF0IjoxNzIyMDk0NzMzfQ.c9K_f6zk1TLL2PXCpLVwkP9FyorHkYyuR7PF3QW6994
2024-07-27 23:57:10.484 INFO  com.fugui.train.common.aspect.LogAspect           :54   http-nio-8001-exec-5 [32m1722095830484p8z[0;39m ------------- å¼€å§‹ -------------
2024-07-27 23:57:10.484 INFO  com.fugui.train.common.aspect.LogAspect           :55   http-nio-8001-exec-5 [32m1722095830484p8z[0;39m è¯·æ±‚åœ°å€: http://127.0.0.1:8001/member/passenger/query-list GET
2024-07-27 23:57:10.484 INFO  com.fugui.train.common.aspect.LogAspect           :56   http-nio-8001-exec-5 [32m1722095830484p8z[0;39m ç±»åæ–¹æ³•: com.fugui.train.member.controller.PassengerController.queryList
2024-07-27 23:57:10.485 INFO  com.fugui.train.common.aspect.LogAspect           :57   http-nio-8001-exec-5 [32m1722095830484p8z[0;39m è¿œç¨‹åœ°å€: 127.0.0.1
2024-07-27 23:57:10.485 INFO  com.fugui.train.common.aspect.LogAspect           :78   http-nio-8001-exec-5 [32m1722095830484p8z[0;39m è¯·æ±‚å‚æ•°: [{"page":1,"size":10}]
2024-07-27 23:57:10.485 INFO  com.fugui.train.member.Service.PassengerService   :52   http-nio-8001-exec-5 [32m1722095830484p8z[0;39m æŸ¥è¯¢é¡µç ï¼š1
2024-07-27 23:57:10.485 INFO  com.fugui.train.member.Service.PassengerService   :53   http-nio-8001-exec-5 [32m1722095830484p8z[0;39m æ¯é¡µæ¡æ•°ï¼š10
2024-07-27 23:57:10.489 DEBUG c.f.t.m.m.PassengerMapper.selectByExample_COUNT   :137  http-nio-8001-exec-5 [32m1722095830484p8z[0;39m ==>  Preparing: SELECT count(0) FROM passenger WHERE (member_id = ?)
2024-07-27 23:57:10.490 DEBUG c.f.t.m.m.PassengerMapper.selectByExample_COUNT   :137  http-nio-8001-exec-5 [32m1722095830484p8z[0;39m ==> Parameters: 1814358440773029888(Long)
2024-07-27 23:57:10.491 TRACE c.f.t.m.m.PassengerMapper.selectByExample_COUNT   :143  http-nio-8001-exec-5 [32m1722095830484p8z[0;39m <==    Columns: count(0)
2024-07-27 23:57:10.491 TRACE c.f.t.m.m.PassengerMapper.selectByExample_COUNT   :143  http-nio-8001-exec-5 [32m1722095830484p8z[0;39m <==        Row: 5
2024-07-27 23:57:10.491 DEBUG c.f.t.m.m.PassengerMapper.selectByExample_COUNT   :137  http-nio-8001-exec-5 [32m1722095830484p8z[0;39m <==      Total: 1
2024-07-27 23:57:10.492 DEBUG c.f.t.m.mapper.PassengerMapper.selectByExample    :137  http-nio-8001-exec-5 [32m1722095830484p8z[0;39m ==>  Preparing: select id, member_id, `name`, id_card, `type`, create_time, update_time from passenger WHERE ( member_id = ? ) LIMIT ?
2024-07-27 23:57:10.492 DEBUG c.f.t.m.mapper.PassengerMapper.selectByExample    :137  http-nio-8001-exec-5 [32m1722095830484p8z[0;39m ==> Parameters: 1814358440773029888(Long), 10(Integer)
2024-07-27 23:57:10.493 TRACE c.f.t.m.mapper.PassengerMapper.selectByExample    :143  http-nio-8001-exec-5 [32m1722095830484p8z[0;39m <==    Columns: id, member_id, name, id_card, type, create_time, update_time
2024-07-27 23:57:10.493 TRACE c.f.t.m.mapper.PassengerMapper.selectByExample    :143  http-nio-8001-exec-5 [32m1722095830484p8z[0;39m <==        Row: 1814885449693532160, 1814358440773029888, 13000000000, 8888, 1, 2024-07-21 12:49:44.805, 2024-07-21 12:49:44.805
2024-07-27 23:57:10.494 TRACE c.f.t.m.mapper.PassengerMapper.selectByExample    :143  http-nio-8001-exec-5 [32m1722095830484p8z[0;39m <==        Row: 1814928524881039360, 1814358440773029888, çŽ‹æ³½é“­, 11, 2, 2024-07-21 15:40:54.731, 2024-07-21 15:40:54.731
2024-07-27 23:57:10.494 TRACE c.f.t.m.mapper.PassengerMapper.selectByExample    :143  http-nio-8001-exec-5 [32m1722095830484p8z[0;39m <==        Row: 1815044794435637248, 1814358440773029888, 111, 11, 3, 2024-07-21 23:22:55.552, 2024-07-21 23:22:55.552
2024-07-27 23:57:10.495 TRACE c.f.t.m.mapper.PassengerMapper.selectByExample    :143  http-nio-8001-exec-5 [32m1722095830484p8z[0;39m <==        Row: 1815613528694984704, 1814358440773029888, 1, 1, 2, 2024-07-23 13:02:52.364, 2024-07-23 13:02:52.364
2024-07-27 23:57:10.496 TRACE c.f.t.m.mapper.PassengerMapper.selectByExample    :143  http-nio-8001-exec-5 [32m1722095830484p8z[0;39m <==        Row: 1815623679330095104, 1814358440773029888, 1, 1, 1, 2024-07-23 13:43:12.466, 2024-07-23 13:43:12.466
2024-07-27 23:57:10.496 DEBUG c.f.t.m.mapper.PassengerMapper.selectByExample    :137  http-nio-8001-exec-5 [32m1722095830484p8z[0;39m <==      Total: 5
2024-07-27 23:57:10.496 INFO  com.fugui.train.member.Service.PassengerService   :58   http-nio-8001-exec-5 [32m1722095830484p8z[0;39m æ€»è¡Œæ•°ï¼š5
2024-07-27 23:57:10.497 INFO  com.fugui.train.member.Service.PassengerService   :59   http-nio-8001-exec-5 [32m1722095830484p8z[0;39m æ€»é¡µæ•°ï¼š1
2024-07-27 23:57:10.498 INFO  com.fugui.train.common.aspect.LogAspect           :90   http-nio-8001-exec-5 [32m1722095830484p8z[0;39m è¿”å›žç»“æžœ: {"content":{"list":[{"createTime":1721537384805,"id":1814885449693532160,"idCard":"8888","memberId":1814358440773029888,"name":"13000000000","type":"1","updateTime":1721537384805},{"createTime":1721547654731,"id":1814928524881039360,"idCard":"11","memberId":1814358440773029888,"name":"çŽ‹æ³½é“­","type":"2","updateTime":1721547654731},{"createTime":1721575375552,"id":1815044794435637248,"idCard":"11","memberId":1814358440773029888,"name":"111","type":"3","updateTime":1721575375552},{"createTime":1721710972364,"id":1815613528694984704,"idCard":"1","memberId":1814358440773029888,"name":"1","type":"2","updateTime":1721710972364},{"createTime":1721713392466,"id":1815623679330095104,"idCard":"1","memberId":1814358440773029888,"name":"1","type":"1","updateTime":1721713392466}],"total":5},"success":true}
2024-07-27 23:57:10.498 INFO  com.fugui.train.common.aspect.LogAspect           :91   http-nio-8001-exec-5 [32m1722095830484p8z[0;39m ------------- ç»“æŸ è€—æ—¶ï¼š14 ms -------------
2024-07-27 23:57:39.662 INFO  com.fugui.train.common.util.JwtUtil               :55   http-nio-8001-exec-6 [32m1722094733308u40[0;39m æ ¹æ®tokenèŽ·å–åŽŸå§‹å†…å®¹ï¼š{"mobile":"13000000000","id":1814358440773029888}
2024-07-27 23:57:39.663 INFO  c.fugui.train.common.interceptor.MemberInterceptor:26   http-nio-8001-exec-6 [32m1722094733308u40[0;39m å½“å‰ç™»å½•ç”¨æˆ·ä¿¡æ¯ä¸º{"mobile":"13000000000","id":1814358440773029888}
2024-07-27 23:57:39.663 INFO  c.fugui.train.common.interceptor.MemberInterceptor:27   http-nio-8001-exec-6 [32m1722094733308u40[0;39m å½“å‰ç™»å½•tokenä¸ºeyJ0eXAiOiJKV1QiLCJhbGciOiJIUzI1NiJ9.eyJuYmYiOjE3MjIwOTU3ODUsIm1vYmlsZSI6IjEzMDAwMDAwMDAwIiwiaWQiOjE4MTQzNTg0NDA3NzMwMjk4ODgsImV4cCI6MTcyMjE4MjE4NSwiaWF0IjoxNzIyMDk1Nzg1fQ.OzfOn796qgGjQWNu8oVv5GA40drn9B9Aof6k-6yyEwU
2024-07-27 23:57:39.665 INFO  com.fugui.train.common.util.JwtUtil               :55   http-nio-8001-exec-6 [32m1722094733308u40[0;39m æ ¹æ®tokenèŽ·å–åŽŸå§‹å†…å®¹ï¼š{"mobile":"13000000000","id":1814358440773029888}
2024-07-27 23:57:39.665 INFO  c.fugui.train.common.interceptor.MemberInterceptor:26   http-nio-8001-exec-6 [32m1722094733308u40[0;39m å½“å‰ç™»å½•ç”¨æˆ·ä¿¡æ¯ä¸º{"mobile":"13000000000","id":1814358440773029888}
2024-07-27 23:57:39.665 INFO  c.fugui.train.common.interceptor.MemberInterceptor:27   http-nio-8001-exec-6 [32m1722094733308u40[0;39m å½“å‰ç™»å½•tokenä¸ºeyJ0eXAiOiJKV1QiLCJhbGciOiJIUzI1NiJ9.eyJuYmYiOjE3MjIwOTU3ODUsIm1vYmlsZSI6IjEzMDAwMDAwMDAwIiwiaWQiOjE4MTQzNTg0NDA3NzMwMjk4ODgsImV4cCI6MTcyMjE4MjE4NSwiaWF0IjoxNzIyMDk1Nzg1fQ.OzfOn796qgGjQWNu8oVv5GA40drn9B9Aof6k-6yyEwU
2024-07-27 23:58:10.046 INFO  com.fugui.train.common.util.JwtUtil               :55   http-nio-8001-exec-7 [32m1722094736955fo8[0;39m æ ¹æ®tokenèŽ·å–åŽŸå§‹å†…å®¹ï¼š{"mobile":"13000000000","id":1814358440773029888}
2024-07-27 23:58:10.046 INFO  c.fugui.train.common.interceptor.MemberInterceptor:26   http-nio-8001-exec-7 [32m1722094736955fo8[0;39m å½“å‰ç™»å½•ç”¨æˆ·ä¿¡æ¯ä¸º{"mobile":"13000000000","id":1814358440773029888}
2024-07-27 23:58:10.046 INFO  c.fugui.train.common.interceptor.MemberInterceptor:27   http-nio-8001-exec-7 [32m1722094736955fo8[0;39m å½“å‰ç™»å½•tokenä¸ºeyJ0eXAiOiJKV1QiLCJhbGciOiJIUzI1NiJ9.eyJuYmYiOjE3MjIwOTU3ODUsIm1vYmlsZSI6IjEzMDAwMDAwMDAwIiwiaWQiOjE4MTQzNTg0NDA3NzMwMjk4ODgsImV4cCI6MTcyMjE4MjE4NSwiaWF0IjoxNzIyMDk1Nzg1fQ.OzfOn796qgGjQWNu8oVv5GA40drn9B9Aof6k-6yyEwU
2024-07-27 23:58:10.048 INFO  com.fugui.train.common.util.JwtUtil               :55   http-nio-8001-exec-7 [32m1722094736955fo8[0;39m æ ¹æ®tokenèŽ·å–åŽŸå§‹å†…å®¹ï¼š{"mobile":"13000000000","id":1814358440773029888}
2024-07-27 23:58:10.048 INFO  c.fugui.train.common.interceptor.MemberInterceptor:26   http-nio-8001-exec-7 [32m1722094736955fo8[0;39m å½“å‰ç™»å½•ç”¨æˆ·ä¿¡æ¯ä¸º{"mobile":"13000000000","id":1814358440773029888}
2024-07-27 23:58:10.049 INFO  c.fugui.train.common.interceptor.MemberInterceptor:27   http-nio-8001-exec-7 [32m1722094736955fo8[0;39m å½“å‰ç™»å½•tokenä¸ºeyJ0eXAiOiJKV1QiLCJhbGciOiJIUzI1NiJ9.eyJuYmYiOjE3MjIwOTU3ODUsIm1vYmlsZSI6IjEzMDAwMDAwMDAwIiwiaWQiOjE4MTQzNTg0NDA3NzMwMjk4ODgsImV4cCI6MTcyMjE4MjE4NSwiaWF0IjoxNzIyMDk1Nzg1fQ.OzfOn796qgGjQWNu8oVv5GA40drn9B9Aof6k-6yyEwU
2024-07-27 23:58:57.906 INFO  com.fugui.train.common.util.JwtUtil               :55   http-nio-8001-exec-8 [32m                [0;39m æ ¹æ®tokenèŽ·å–åŽŸå§‹å†…å®¹ï¼š{"mobile":"13000000000","id":1814358440773029888}
2024-07-27 23:58:57.907 INFO  c.fugui.train.common.interceptor.MemberInterceptor:26   http-nio-8001-exec-8 [32m                [0;39m å½“å‰ç™»å½•ç”¨æˆ·ä¿¡æ¯ä¸º{"mobile":"13000000000","id":1814358440773029888}
2024-07-27 23:58:57.907 INFO  c.fugui.train.common.interceptor.MemberInterceptor:27   http-nio-8001-exec-8 [32m                [0;39m å½“å‰ç™»å½•tokenä¸ºeyJ0eXAiOiJKV1QiLCJhbGciOiJIUzI1NiJ9.eyJuYmYiOjE3MjIwOTU3ODUsIm1vYmlsZSI6IjEzMDAwMDAwMDAwIiwiaWQiOjE4MTQzNTg0NDA3NzMwMjk4ODgsImV4cCI6MTcyMjE4MjE4NSwiaWF0IjoxNzIyMDk1Nzg1fQ.OzfOn796qgGjQWNu8oVv5GA40drn9B9Aof6k-6yyEwU
2024-07-27 23:58:57.910 INFO  com.fugui.train.common.util.JwtUtil               :55   http-nio-8001-exec-8 [32m                [0;39m æ ¹æ®tokenèŽ·å–åŽŸå§‹å†…å®¹ï¼š{"mobile":"13000000000","id":1814358440773029888}
2024-07-27 23:58:57.911 INFO  c.fugui.train.common.interceptor.MemberInterceptor:26   http-nio-8001-exec-8 [32m                [0;39m å½“å‰ç™»å½•ç”¨æˆ·ä¿¡æ¯ä¸º{"mobile":"13000000000","id":1814358440773029888}
2024-07-27 23:58:57.911 INFO  c.fugui.train.common.interceptor.MemberInterceptor:27   http-nio-8001-exec-8 [32m                [0;39m å½“å‰ç™»å½•tokenä¸ºeyJ0eXAiOiJKV1QiLCJhbGciOiJIUzI1NiJ9.eyJuYmYiOjE3MjIwOTU3ODUsIm1vYmlsZSI6IjEzMDAwMDAwMDAwIiwiaWQiOjE4MTQzNTg0NDA3NzMwMjk4ODgsImV4cCI6MTcyMjE4MjE4NSwiaWF0IjoxNzIyMDk1Nzg1fQ.OzfOn796qgGjQWNu8oVv5GA40drn9B9Aof6k-6yyEwU
