2024-07-18 21:38:07.805 INFO  config.com.fugui.train.member.MemberApplication         :51   restartedMain [32m                [0;39m Starting MemberApplication using Java 17.0.11 with PID 21920 (C:\Users\28413\OneDrive\Desktop\projectCode\12306\train\member\target\classes started by 28413 in C:\Users\28413\OneDrive\Desktop\projectCode\12306\train)
2024-07-18 21:38:07.818 INFO  config.com.fugui.train.member.MemberApplication         :630  restartedMain [32m                [0;39m No active profile set, falling back to 1 default profile: "default"
2024-07-18 21:38:07.844 INFO  o.s.b.d.env.DevToolsPropertyDefaultsPostProcessor :250  restartedMain [32m                [0;39m Devtools property defaults active! Set 'spring.devtools.add-properties' to 'false' to disable
2024-07-18 21:38:07.845 INFO  o.s.b.d.env.DevToolsPropertyDefaultsPostProcessor :250  restartedMain [32m                [0;39m For additional web related logging consider setting the 'logging.level.web' property to 'DEBUG'
2024-07-18 21:38:08.230 INFO  o.springframework.cloud.context.scope.GenericScope:282  restartedMain [32m                [0;39m BeanFactory id=2a9d3e8a-18c1-35a5-ab02-579b1ba2366b
2024-07-18 21:38:08.553 INFO  o.s.boot.web.embedded.tomcat.TomcatWebServer      :114  restartedMain [32m                [0;39m Tomcat initialized with port(s): 8001 (http)
2024-07-18 21:38:08.559 INFO  org.apache.coyote.http11.Http11NioProtocol        :173  restartedMain [32m                [0;39m Initializing ProtocolHandler ["http-nio-8001"]
2024-07-18 21:38:08.560 INFO  org.apache.catalina.core.StandardService          :173  restartedMain [32m                [0;39m Starting service [Tomcat]
2024-07-18 21:38:08.560 INFO  org.apache.catalina.core.StandardEngine           :173  restartedMain [32m                [0;39m Starting Servlet engine: [Apache Tomcat/10.1.1]
2024-07-18 21:38:08.601 INFO  o.a.c.c.C.[Tomcat].[localhost].[/member]          :173  restartedMain [32m                [0;39m Initializing Spring embedded WebApplicationContext
2024-07-18 21:38:08.601 INFO  o.s.b.w.s.c.ServletWebServerApplicationContext    :291  restartedMain [32m                [0;39m Root WebApplicationContext: initialization completed in 756 ms
2024-07-18 21:38:08.815 INFO  o.s.b.d.autoconfigure.OptionalLiveReloadServer    :59   restartedMain [32m                [0;39m LiveReload server is running on port 35729
2024-07-18 21:38:08.918 INFO  org.apache.coyote.http11.Http11NioProtocol        :173  restartedMain [32m                [0;39m Starting ProtocolHandler ["http-nio-8001"]
2024-07-18 21:38:08.932 INFO  o.s.boot.web.embedded.tomcat.TomcatWebServer      :226  restartedMain [32m                [0;39m Tomcat started on port(s): 8001 (http) with context path '/member'
2024-07-18 21:38:09.003 INFO  config.com.fugui.train.member.MemberApplication         :57   restartedMain [32m                [0;39m Started MemberApplication in 1.531 seconds (process running for 2.105)
2024-07-18 21:38:09.005 INFO  config.com.fugui.train.member.MemberApplication         :19   restartedMain [32m                [0;39m 启动成功
2024-07-18 21:38:09.006 INFO  config.com.fugui.train.member.MemberApplication         :20   restartedMain [32m                [0;39m 端口号：http://127.0.0.1:8001/member
2024-07-18 21:41:46.827 INFO  o.s.b.d.a.LocalDevToolsAutoConfiguration$RestartingClassPathChangeChangedEventListener:211  File Watcher [32m                [0;39m Restarting due to 1 class path change (0 additions, 0 deletions, 1 modification)
2024-07-18 21:41:46.842 INFO  org.apache.coyote.http11.Http11NioProtocol        :173  Thread-6 [32m                [0;39m Pausing ProtocolHandler ["http-nio-8001"]
2024-07-18 21:41:46.842 INFO  org.apache.catalina.core.StandardService          :173  Thread-6 [32m                [0;39m Stopping service [Tomcat]
2024-07-18 21:41:46.847 INFO  org.apache.coyote.http11.Http11NioProtocol        :173  Thread-6 [32m                [0;39m Stopping ProtocolHandler ["http-nio-8001"]
2024-07-18 21:41:46.849 INFO  org.apache.coyote.http11.Http11NioProtocol        :173  Thread-6 [32m                [0;39m Destroying ProtocolHandler ["http-nio-8001"]
2024-07-18 21:41:46.972 INFO  config.com.fugui.train.member.MemberApplication         :51   restartedMain [32m                [0;39m Starting MemberApplication using Java 17.0.11 with PID 21920 (C:\Users\28413\OneDrive\Desktop\projectCode\12306\train\member\target\classes started by 28413 in C:\Users\28413\OneDrive\Desktop\projectCode\12306\train)
2024-07-18 21:41:46.973 INFO  config.com.fugui.train.member.MemberApplication         :630  restartedMain [32m                [0;39m No active profile set, falling back to 1 default profile: "default"
2024-07-18 21:41:47.079 INFO  o.springframework.cloud.context.scope.GenericScope:282  restartedMain [32m                [0;39m BeanFactory id=2a9d3e8a-18c1-35a5-ab02-579b1ba2366b
2024-07-18 21:41:47.107 INFO  o.s.boot.web.embedded.tomcat.TomcatWebServer      :114  restartedMain [32m                [0;39m Tomcat initialized with port(s): 8001 (http)
2024-07-18 21:41:47.107 INFO  org.apache.coyote.http11.Http11NioProtocol        :173  restartedMain [32m                [0;39m Initializing ProtocolHandler ["http-nio-8001"]
2024-07-18 21:41:47.107 INFO  org.apache.catalina.core.StandardService          :173  restartedMain [32m                [0;39m Starting service [Tomcat]
2024-07-18 21:41:47.108 INFO  org.apache.catalina.core.StandardEngine           :173  restartedMain [32m                [0;39m Starting Servlet engine: [Apache Tomcat/10.1.1]
2024-07-18 21:41:47.123 INFO  o.a.c.c.C.[Tomcat].[localhost].[/member]          :173  restartedMain [32m                [0;39m Initializing Spring embedded WebApplicationContext
2024-07-18 21:41:47.124 INFO  o.s.b.w.s.c.ServletWebServerApplicationContext    :291  restartedMain [32m                [0;39m Root WebApplicationContext: initialization completed in 149 ms
2024-07-18 21:41:47.176 INFO  o.s.b.d.autoconfigure.OptionalLiveReloadServer    :59   restartedMain [32m                [0;39m LiveReload server is running on port 35729
2024-07-18 21:41:47.266 INFO  org.apache.coyote.http11.Http11NioProtocol        :173  restartedMain [32m                [0;39m Starting ProtocolHandler ["http-nio-8001"]
2024-07-18 21:41:47.270 INFO  o.s.boot.web.embedded.tomcat.TomcatWebServer      :226  restartedMain [32m                [0;39m Tomcat started on port(s): 8001 (http) with context path '/member'
2024-07-18 21:41:47.352 INFO  config.com.fugui.train.member.MemberApplication         :57   restartedMain [32m                [0;39m Started MemberApplication in 0.476 seconds (process running for 220.455)
2024-07-18 21:41:47.354 INFO  o.s.b.d.a.ConditionEvaluationDeltaLoggingListener :63   restartedMain [32m                [0;39m Condition evaluation unchanged
2024-07-18 21:41:47.354 INFO  config.com.fugui.train.member.MemberApplication         :19   restartedMain [32m                [0;39m 启动成功
2024-07-18 21:41:47.354 INFO  config.com.fugui.train.member.MemberApplication         :20   restartedMain [32m                [0;39m 端口号：http://127.0.0.1:8001/member
2024-07-18 21:42:38.129 INFO  o.s.b.d.a.LocalDevToolsAutoConfiguration$RestartingClassPathChangeChangedEventListener:211  File Watcher [32m                [0;39m Restarting due to 1 class path change (0 additions, 1 deletion, 0 modifications)
2024-07-18 21:42:38.140 INFO  org.apache.coyote.http11.Http11NioProtocol        :173  Thread-9 [32m                [0;39m Pausing ProtocolHandler ["http-nio-8001"]
2024-07-18 21:42:38.140 INFO  org.apache.catalina.core.StandardService          :173  Thread-9 [32m                [0;39m Stopping service [Tomcat]
2024-07-18 21:42:38.141 INFO  org.apache.coyote.http11.Http11NioProtocol        :173  Thread-9 [32m                [0;39m Stopping ProtocolHandler ["http-nio-8001"]
2024-07-18 21:42:38.142 INFO  org.apache.coyote.http11.Http11NioProtocol        :173  Thread-9 [32m                [0;39m Destroying ProtocolHandler ["http-nio-8001"]
2024-07-18 21:42:38.284 INFO  config.com.fugui.train.member.MemberApplication         :51   restartedMain [32m                [0;39m Starting MemberApplication using Java 17.0.11 with PID 21920 (C:\Users\28413\OneDrive\Desktop\projectCode\12306\train\member\target\classes started by 28413 in C:\Users\28413\OneDrive\Desktop\projectCode\12306\train)
2024-07-18 21:42:38.284 INFO  config.com.fugui.train.member.MemberApplication         :630  restartedMain [32m                [0;39m No active profile set, falling back to 1 default profile: "default"
2024-07-18 21:42:38.401 INFO  o.springframework.cloud.context.scope.GenericScope:282  restartedMain [32m                [0;39m BeanFactory id=2a9d3e8a-18c1-35a5-ab02-579b1ba2366b
2024-07-18 21:42:38.426 INFO  o.s.boot.web.embedded.tomcat.TomcatWebServer      :114  restartedMain [32m                [0;39m Tomcat initialized with port(s): 8001 (http)
2024-07-18 21:42:38.427 INFO  org.apache.coyote.http11.Http11NioProtocol        :173  restartedMain [32m                [0;39m Initializing ProtocolHandler ["http-nio-8001"]
2024-07-18 21:42:38.427 INFO  org.apache.catalina.core.StandardService          :173  restartedMain [32m                [0;39m Starting service [Tomcat]
2024-07-18 21:42:38.427 INFO  org.apache.catalina.core.StandardEngine           :173  restartedMain [32m                [0;39m Starting Servlet engine: [Apache Tomcat/10.1.1]
2024-07-18 21:42:38.441 INFO  o.a.c.c.C.[Tomcat].[localhost].[/member]          :173  restartedMain [32m                [0;39m Initializing Spring embedded WebApplicationContext
2024-07-18 21:42:38.441 INFO  o.s.b.w.s.c.ServletWebServerApplicationContext    :291  restartedMain [32m                [0;39m Root WebApplicationContext: initialization completed in 155 ms
2024-07-18 21:42:38.480 INFO  o.s.b.d.autoconfigure.OptionalLiveReloadServer    :59   restartedMain [32m                [0;39m LiveReload server is running on port 35729
2024-07-18 21:42:38.579 INFO  org.apache.coyote.http11.Http11NioProtocol        :173  restartedMain [32m                [0;39m Starting ProtocolHandler ["http-nio-8001"]
2024-07-18 21:42:38.581 INFO  o.s.boot.web.embedded.tomcat.TomcatWebServer      :226  restartedMain [32m                [0;39m Tomcat started on port(s): 8001 (http) with context path '/member'
2024-07-18 21:42:38.659 INFO  config.com.fugui.train.member.MemberApplication         :57   restartedMain [32m                [0;39m Started MemberApplication in 0.482 seconds (process running for 271.761)
2024-07-18 21:42:38.659 INFO  o.s.b.d.a.ConditionEvaluationDeltaLoggingListener :63   restartedMain [32m                [0;39m Condition evaluation unchanged
2024-07-18 21:42:38.661 INFO  config.com.fugui.train.member.MemberApplication         :19   restartedMain [32m                [0;39m 启动成功
2024-07-18 21:42:38.661 INFO  config.com.fugui.train.member.MemberApplication         :20   restartedMain [32m                [0;39m 端口号：http://127.0.0.1:8001/member
2024-07-18 21:42:39.907 INFO  o.s.b.d.a.LocalDevToolsAutoConfiguration$RestartingClassPathChangeChangedEventListener:211  File Watcher [32m                [0;39m Restarting due to 1 class path change (1 addition, 0 deletions, 0 modifications)
2024-07-18 21:42:39.925 INFO  org.apache.coyote.http11.Http11NioProtocol        :173  Thread-15 [32m                [0;39m Pausing ProtocolHandler ["http-nio-8001"]
2024-07-18 21:42:39.925 INFO  org.apache.catalina.core.StandardService          :173  Thread-15 [32m                [0;39m Stopping service [Tomcat]
2024-07-18 21:42:39.926 INFO  org.apache.coyote.http11.Http11NioProtocol        :173  Thread-15 [32m                [0;39m Stopping ProtocolHandler ["http-nio-8001"]
2024-07-18 21:42:39.927 INFO  org.apache.coyote.http11.Http11NioProtocol        :173  Thread-15 [32m                [0;39m Destroying ProtocolHandler ["http-nio-8001"]
2024-07-18 21:42:40.052 INFO  config.com.fugui.train.member.MemberApplication         :51   restartedMain [32m                [0;39m Starting MemberApplication using Java 17.0.11 with PID 21920 (C:\Users\28413\OneDrive\Desktop\projectCode\12306\train\member\target\classes started by 28413 in C:\Users\28413\OneDrive\Desktop\projectCode\12306\train)
2024-07-18 21:42:40.053 INFO  config.com.fugui.train.member.MemberApplication         :630  restartedMain [32m                [0;39m No active profile set, falling back to 1 default profile: "default"
2024-07-18 21:42:40.148 INFO  o.springframework.cloud.context.scope.GenericScope:282  restartedMain [32m                [0;39m BeanFactory id=2a9d3e8a-18c1-35a5-ab02-579b1ba2366b
2024-07-18 21:42:40.183 INFO  o.s.boot.web.embedded.tomcat.TomcatWebServer      :114  restartedMain [32m                [0;39m Tomcat initialized with port(s): 8001 (http)
2024-07-18 21:42:40.184 INFO  org.apache.coyote.http11.Http11NioProtocol        :173  restartedMain [32m                [0;39m Initializing ProtocolHandler ["http-nio-8001"]
2024-07-18 21:42:40.184 INFO  org.apache.catalina.core.StandardService          :173  restartedMain [32m                [0;39m Starting service [Tomcat]
2024-07-18 21:42:40.184 INFO  org.apache.catalina.core.StandardEngine           :173  restartedMain [32m                [0;39m Starting Servlet engine: [Apache Tomcat/10.1.1]
2024-07-18 21:42:40.196 INFO  o.a.c.c.C.[Tomcat].[localhost].[/member]          :173  restartedMain [32m                [0;39m Initializing Spring embedded WebApplicationContext
2024-07-18 21:42:40.197 INFO  o.s.b.w.s.c.ServletWebServerApplicationContext    :291  restartedMain [32m                [0;39m Root WebApplicationContext: initialization completed in 143 ms
2024-07-18 21:42:40.233 INFO  o.s.b.d.autoconfigure.OptionalLiveReloadServer    :59   restartedMain [32m                [0;39m LiveReload server is running on port 35729
2024-07-18 21:42:40.309 INFO  org.apache.coyote.http11.Http11NioProtocol        :173  restartedMain [32m                [0;39m Starting ProtocolHandler ["http-nio-8001"]
2024-07-18 21:42:40.322 INFO  o.s.boot.web.embedded.tomcat.TomcatWebServer      :226  restartedMain [32m                [0;39m Tomcat started on port(s): 8001 (http) with context path '/member'
2024-07-18 21:42:40.399 INFO  config.com.fugui.train.member.MemberApplication         :57   restartedMain [32m                [0;39m Started MemberApplication in 0.444 seconds (process running for 273.501)
2024-07-18 21:42:40.400 INFO  o.s.b.d.a.ConditionEvaluationDeltaLoggingListener :63   restartedMain [32m                [0;39m Condition evaluation unchanged
2024-07-18 21:42:40.401 INFO  config.com.fugui.train.member.MemberApplication         :19   restartedMain [32m                [0;39m 启动成功
2024-07-18 21:42:40.401 INFO  config.com.fugui.train.member.MemberApplication         :20   restartedMain [32m                [0;39m 端口号：http://127.0.0.1:8001/member
2024-07-18 21:44:41.761 INFO  o.s.b.d.a.LocalDevToolsAutoConfiguration$RestartingClassPathChangeChangedEventListener:211  File Watcher [32m                [0;39m Restarting due to 1 class path change (0 additions, 1 deletion, 0 modifications)
2024-07-18 21:44:41.772 INFO  org.apache.coyote.http11.Http11NioProtocol        :173  Thread-21 [32m                [0;39m Pausing ProtocolHandler ["http-nio-8001"]
2024-07-18 21:44:41.772 INFO  org.apache.catalina.core.StandardService          :173  Thread-21 [32m                [0;39m Stopping service [Tomcat]
2024-07-18 21:44:41.773 INFO  org.apache.coyote.http11.Http11NioProtocol        :173  Thread-21 [32m                [0;39m Stopping ProtocolHandler ["http-nio-8001"]
2024-07-18 21:44:41.774 INFO  org.apache.coyote.http11.Http11NioProtocol        :173  Thread-21 [32m                [0;39m Destroying ProtocolHandler ["http-nio-8001"]
2024-07-18 21:44:41.898 INFO  config.com.fugui.train.member.MemberApplication         :51   restartedMain [32m                [0;39m Starting MemberApplication using Java 17.0.11 with PID 21920 (C:\Users\28413\OneDrive\Desktop\projectCode\12306\train\member\target\classes started by 28413 in C:\Users\28413\OneDrive\Desktop\projectCode\12306\train)
2024-07-18 21:44:41.898 INFO  config.com.fugui.train.member.MemberApplication         :630  restartedMain [32m                [0;39m No active profile set, falling back to 1 default profile: "default"
2024-07-18 21:44:41.996 INFO  o.springframework.cloud.context.scope.GenericScope:282  restartedMain [32m                [0;39m BeanFactory id=e23ea66b-d10d-3b41-8830-b66c2b4032fc
2024-07-18 21:44:42.026 INFO  o.s.boot.web.embedded.tomcat.TomcatWebServer      :114  restartedMain [32m                [0;39m Tomcat initialized with port(s): 8001 (http)
2024-07-18 21:44:42.026 INFO  org.apache.coyote.http11.Http11NioProtocol        :173  restartedMain [32m                [0;39m Initializing ProtocolHandler ["http-nio-8001"]
2024-07-18 21:44:42.026 INFO  org.apache.catalina.core.StandardService          :173  restartedMain [32m                [0;39m Starting service [Tomcat]
2024-07-18 21:44:42.027 INFO  org.apache.catalina.core.StandardEngine           :173  restartedMain [32m                [0;39m Starting Servlet engine: [Apache Tomcat/10.1.1]
2024-07-18 21:44:42.042 INFO  o.a.c.c.C.[Tomcat].[localhost].[/member]          :173  restartedMain [32m                [0;39m Initializing Spring embedded WebApplicationContext
2024-07-18 21:44:42.042 INFO  o.s.b.w.s.c.ServletWebServerApplicationContext    :291  restartedMain [32m                [0;39m Root WebApplicationContext: initialization completed in 142 ms
2024-07-18 21:44:42.048 WARN  o.s.b.w.s.c.AnnotationConfigServletWebServerApplicationContext:592  restartedMain [32m                [0;39m Exception encountered during context initialization - cancelling refresh attempt: org.springframework.beans.factory.BeanCreationException: Error creating bean with name 'logAspect': Lookup method resolution failed
2024-07-18 21:44:42.048 INFO  org.apache.catalina.core.StandardService          :173  restartedMain [32m                [0;39m Stopping service [Tomcat]
2024-07-18 21:44:42.052 INFO  o.s.b.a.logging.ConditionEvaluationReportLogger   :82   restartedMain [32m                [0;39m 

Error starting ApplicationContext. To display the condition evaluation report re-run your application with 'debug' enabled.
2024-07-18 21:44:42.067 ERROR org.springframework.boot.SpringApplication        :820  restartedMain [32m                [0;39m Application run failed
org.springframework.beans.factory.BeanCreationException: Error creating bean with name 'logAspect': Lookup method resolution failed
	at org.springframework.beans.factory.annotation.AutowiredAnnotationBeanPostProcessor.checkLookupMethods(AutowiredAnnotationBeanPostProcessor.java:470)
	at org.springframework.beans.factory.annotation.AutowiredAnnotationBeanPostProcessor.determineCandidateConstructors(AutowiredAnnotationBeanPostProcessor.java:340)
	at org.springframework.beans.factory.support.AbstractAutowireCapableBeanFactory.determineConstructorsFromBeanPostProcessors(AbstractAutowireCapableBeanFactory.java:1283)
	at org.springframework.beans.factory.support.AbstractAutowireCapableBeanFactory.createBeanInstance(AbstractAutowireCapableBeanFactory.java:1185)
	at org.springframework.beans.factory.support.AbstractAutowireCapableBeanFactory.doCreateBean(AbstractAutowireCapableBeanFactory.java:561)
	at org.springframework.beans.factory.support.AbstractAutowireCapableBeanFactory.createBean(AbstractAutowireCapableBeanFactory.java:521)
	at org.springframework.beans.factory.support.AbstractBeanFactory.lambda$doGetBean$0(AbstractBeanFactory.java:326)
	at org.springframework.beans.factory.support.DefaultSingletonBeanRegistry.getSingleton(DefaultSingletonBeanRegistry.java:234)
	at org.springframework.beans.factory.support.AbstractBeanFactory.doGetBean(AbstractBeanFactory.java:324)
	at org.springframework.beans.factory.support.AbstractBeanFactory.getBean(AbstractBeanFactory.java:200)
	at org.springframework.beans.factory.support.DefaultListableBeanFactory.preInstantiateSingletons(DefaultListableBeanFactory.java:961)
	at org.springframework.context.support.AbstractApplicationContext.finishBeanFactoryInitialization(AbstractApplicationContext.java:915)
	at org.springframework.context.support.AbstractApplicationContext.refresh(AbstractApplicationContext.java:584)
	at org.springframework.boot.web.servlet.context.ServletWebServerApplicationContext.refresh(ServletWebServerApplicationContext.java:146)
	at org.springframework.boot.SpringApplication.refresh(SpringApplication.java:730)
	at org.springframework.boot.SpringApplication.refreshContext(SpringApplication.java:432)
	at org.springframework.boot.SpringApplication.run(SpringApplication.java:308)
	at config.com.fugui.train.member.MemberApplication.main(MemberApplication.java:17)
	at java.base/jdk.internal.reflect.NativeMethodAccessorImpl.invoke0(Native Method)
	at java.base/jdk.internal.reflect.NativeMethodAccessorImpl.invoke(NativeMethodAccessorImpl.java:77)
	at java.base/jdk.internal.reflect.DelegatingMethodAccessorImpl.invoke(DelegatingMethodAccessorImpl.java:43)
	at java.base/java.lang.reflect.Method.invoke(Method.java:568)
	at org.springframework.boot.devtools.restart.RestartLauncher.run(RestartLauncher.java:49)
Caused by: java.lang.IllegalStateException: Failed to introspect Class [com.fugui.member.aspect.LogAspect] from ClassLoader [org.springframework.boot.devtools.restart.classloader.RestartClassLoader@250e3685]
	at org.springframework.util.ReflectionUtils.getDeclaredMethods(ReflectionUtils.java:483)
	at org.springframework.util.ReflectionUtils.doWithLocalMethods(ReflectionUtils.java:320)
	at org.springframework.beans.factory.annotation.AutowiredAnnotationBeanPostProcessor.checkLookupMethods(AutowiredAnnotationBeanPostProcessor.java:448)
	... 22 common frames omitted
Caused by: java.lang.NoClassDefFoundError: com/alibaba/fastjson/serializer/SerializeFilter
	at java.base/java.lang.Class.getDeclaredMethods0(Native Method)
	at java.base/java.lang.Class.privateGetDeclaredMethods(Class.java:3402)
	at java.base/java.lang.Class.getDeclaredMethods(Class.java:2504)
	at org.springframework.util.ReflectionUtils.getDeclaredMethods(ReflectionUtils.java:465)
	... 24 common frames omitted
Caused by: java.lang.ClassNotFoundException: com.alibaba.fastjson.serializer.SerializeFilter
	at java.base/jdk.internal.loader.BuiltinClassLoader.loadClass(BuiltinClassLoader.java:641)
	at java.base/jdk.internal.loader.ClassLoaders$AppClassLoader.loadClass(ClassLoaders.java:188)
	at java.base/java.lang.ClassLoader.loadClass(ClassLoader.java:525)
	at java.base/java.lang.Class.forName0(Native Method)
	at java.base/java.lang.Class.forName(Class.java:467)
	at org.springframework.boot.devtools.restart.classloader.RestartClassLoader.loadClass(RestartClassLoader.java:121)
	at java.base/java.lang.ClassLoader.loadClass(ClassLoader.java:525)
	... 28 common frames omitted
2024-07-18 21:44:43.565 INFO  config.com.fugui.train.member.MemberApplication         :51   restartedMain [32m                [0;39m Starting MemberApplication using Java 17.0.11 with PID 21920 (C:\Users\28413\OneDrive\Desktop\projectCode\12306\train\member\target\classes started by 28413 in C:\Users\28413\OneDrive\Desktop\projectCode\12306\train)
2024-07-18 21:44:43.565 INFO  config.com.fugui.train.member.MemberApplication         :630  restartedMain [32m                [0;39m No active profile set, falling back to 1 default profile: "default"
2024-07-18 21:44:43.644 INFO  o.springframework.cloud.context.scope.GenericScope:282  restartedMain [32m                [0;39m BeanFactory id=e23ea66b-d10d-3b41-8830-b66c2b4032fc
2024-07-18 21:44:43.665 INFO  o.s.boot.web.embedded.tomcat.TomcatWebServer      :114  restartedMain [32m                [0;39m Tomcat initialized with port(s): 8001 (http)
2024-07-18 21:44:43.666 INFO  org.apache.coyote.http11.Http11NioProtocol        :173  restartedMain [32m                [0;39m Initializing ProtocolHandler ["http-nio-8001"]
2024-07-18 21:44:43.666 INFO  org.apache.catalina.core.StandardService          :173  restartedMain [32m                [0;39m Starting service [Tomcat]
2024-07-18 21:44:43.667 INFO  org.apache.catalina.core.StandardEngine           :173  restartedMain [32m                [0;39m Starting Servlet engine: [Apache Tomcat/10.1.1]
2024-07-18 21:44:43.677 INFO  o.a.c.c.C.[Tomcat-1].[localhost].[/member]        :173  restartedMain [32m                [0;39m Initializing Spring embedded WebApplicationContext
2024-07-18 21:44:43.678 INFO  o.s.b.w.s.c.ServletWebServerApplicationContext    :291  restartedMain [32m                [0;39m Root WebApplicationContext: initialization completed in 112 ms
2024-07-18 21:44:43.681 WARN  o.s.b.w.s.c.AnnotationConfigServletWebServerApplicationContext:592  restartedMain [32m                [0;39m Exception encountered during context initialization - cancelling refresh attempt: org.springframework.beans.factory.BeanCreationException: Error creating bean with name 'logAspect': Lookup method resolution failed
2024-07-18 21:44:43.681 INFO  org.apache.catalina.core.StandardService          :173  restartedMain [32m                [0;39m Stopping service [Tomcat]
2024-07-18 21:44:43.684 INFO  o.s.b.a.logging.ConditionEvaluationReportLogger   :82   restartedMain [32m                [0;39m 

Error starting ApplicationContext. To display the condition evaluation report re-run your application with 'debug' enabled.
2024-07-18 21:44:43.686 ERROR org.springframework.boot.SpringApplication        :820  restartedMain [32m                [0;39m Application run failed
org.springframework.beans.factory.BeanCreationException: Error creating bean with name 'logAspect': Lookup method resolution failed
	at org.springframework.beans.factory.annotation.AutowiredAnnotationBeanPostProcessor.checkLookupMethods(AutowiredAnnotationBeanPostProcessor.java:470)
	at org.springframework.beans.factory.annotation.AutowiredAnnotationBeanPostProcessor.determineCandidateConstructors(AutowiredAnnotationBeanPostProcessor.java:340)
	at org.springframework.beans.factory.support.AbstractAutowireCapableBeanFactory.determineConstructorsFromBeanPostProcessors(AbstractAutowireCapableBeanFactory.java:1283)
	at org.springframework.beans.factory.support.AbstractAutowireCapableBeanFactory.createBeanInstance(AbstractAutowireCapableBeanFactory.java:1185)
	at org.springframework.beans.factory.support.AbstractAutowireCapableBeanFactory.doCreateBean(AbstractAutowireCapableBeanFactory.java:561)
	at org.springframework.beans.factory.support.AbstractAutowireCapableBeanFactory.createBean(AbstractAutowireCapableBeanFactory.java:521)
	at org.springframework.beans.factory.support.AbstractBeanFactory.lambda$doGetBean$0(AbstractBeanFactory.java:326)
	at org.springframework.beans.factory.support.DefaultSingletonBeanRegistry.getSingleton(DefaultSingletonBeanRegistry.java:234)
	at org.springframework.beans.factory.support.AbstractBeanFactory.doGetBean(AbstractBeanFactory.java:324)
	at org.springframework.beans.factory.support.AbstractBeanFactory.getBean(AbstractBeanFactory.java:200)
	at org.springframework.beans.factory.support.DefaultListableBeanFactory.preInstantiateSingletons(DefaultListableBeanFactory.java:961)
	at org.springframework.context.support.AbstractApplicationContext.finishBeanFactoryInitialization(AbstractApplicationContext.java:915)
	at org.springframework.context.support.AbstractApplicationContext.refresh(AbstractApplicationContext.java:584)
	at org.springframework.boot.web.servlet.context.ServletWebServerApplicationContext.refresh(ServletWebServerApplicationContext.java:146)
	at org.springframework.boot.SpringApplication.refresh(SpringApplication.java:730)
	at org.springframework.boot.SpringApplication.refreshContext(SpringApplication.java:432)
	at org.springframework.boot.SpringApplication.run(SpringApplication.java:308)
	at config.com.fugui.train.member.MemberApplication.main(MemberApplication.java:17)
	at java.base/jdk.internal.reflect.NativeMethodAccessorImpl.invoke0(Native Method)
	at java.base/jdk.internal.reflect.NativeMethodAccessorImpl.invoke(NativeMethodAccessorImpl.java:77)
	at java.base/jdk.internal.reflect.DelegatingMethodAccessorImpl.invoke(DelegatingMethodAccessorImpl.java:43)
	at java.base/java.lang.reflect.Method.invoke(Method.java:568)
	at org.springframework.boot.devtools.restart.RestartLauncher.run(RestartLauncher.java:49)
Caused by: java.lang.IllegalStateException: Failed to introspect Class [com.fugui.member.aspect.LogAspect] from ClassLoader [org.springframework.boot.devtools.restart.classloader.RestartClassLoader@60151095]
	at org.springframework.util.ReflectionUtils.getDeclaredMethods(ReflectionUtils.java:483)
	at org.springframework.util.ReflectionUtils.doWithLocalMethods(ReflectionUtils.java:320)
	at org.springframework.beans.factory.annotation.AutowiredAnnotationBeanPostProcessor.checkLookupMethods(AutowiredAnnotationBeanPostProcessor.java:448)
	... 22 common frames omitted
Caused by: java.lang.NoClassDefFoundError: com/alibaba/fastjson/serializer/SerializeFilter
	at java.base/java.lang.Class.getDeclaredMethods0(Native Method)
	at java.base/java.lang.Class.privateGetDeclaredMethods(Class.java:3402)
	at java.base/java.lang.Class.getDeclaredMethods(Class.java:2504)
	at org.springframework.util.ReflectionUtils.getDeclaredMethods(ReflectionUtils.java:465)
	... 24 common frames omitted
Caused by: java.lang.ClassNotFoundException: com.alibaba.fastjson.serializer.SerializeFilter
	at java.base/jdk.internal.loader.BuiltinClassLoader.loadClass(BuiltinClassLoader.java:641)
	at java.base/jdk.internal.loader.ClassLoaders$AppClassLoader.loadClass(ClassLoaders.java:188)
	at java.base/java.lang.ClassLoader.loadClass(ClassLoader.java:525)
	at java.base/java.lang.Class.forName0(Native Method)
	at java.base/java.lang.Class.forName(Class.java:467)
	at org.springframework.boot.devtools.restart.classloader.RestartClassLoader.loadClass(RestartClassLoader.java:121)
	at java.base/java.lang.ClassLoader.loadClass(ClassLoader.java:525)
	... 28 common frames omitted
2024-07-18 21:45:32.912 INFO  config.com.fugui.train.member.MemberApplication         :51   restartedMain [32m                [0;39m Starting MemberApplication using Java 17.0.11 with PID 17816 (C:\Users\28413\OneDrive\Desktop\projectCode\12306\train\member\target\classes started by 28413 in C:\Users\28413\OneDrive\Desktop\projectCode\12306\train)
2024-07-18 21:45:32.913 INFO  config.com.fugui.train.member.MemberApplication         :630  restartedMain [32m                [0;39m No active profile set, falling back to 1 default profile: "default"
2024-07-18 21:45:32.944 INFO  o.s.b.d.env.DevToolsPropertyDefaultsPostProcessor :250  restartedMain [32m                [0;39m Devtools property defaults active! Set 'spring.devtools.add-properties' to 'false' to disable
2024-07-18 21:45:32.944 INFO  o.s.b.d.env.DevToolsPropertyDefaultsPostProcessor :250  restartedMain [32m                [0;39m For additional web related logging consider setting the 'logging.level.web' property to 'DEBUG'
2024-07-18 21:45:33.387 INFO  o.springframework.cloud.context.scope.GenericScope:282  restartedMain [32m                [0;39m BeanFactory id=48394191-9eb3-3d9b-b00e-bd2c05b45a0f
2024-07-18 21:45:33.929 INFO  o.s.boot.web.embedded.tomcat.TomcatWebServer      :114  restartedMain [32m                [0;39m Tomcat initialized with port(s): 8001 (http)
2024-07-18 21:45:33.937 INFO  org.apache.coyote.http11.Http11NioProtocol        :173  restartedMain [32m                [0;39m Initializing ProtocolHandler ["http-nio-8001"]
2024-07-18 21:45:33.937 INFO  org.apache.catalina.core.StandardService          :173  restartedMain [32m                [0;39m Starting service [Tomcat]
2024-07-18 21:45:33.937 INFO  org.apache.catalina.core.StandardEngine           :173  restartedMain [32m                [0;39m Starting Servlet engine: [Apache Tomcat/10.1.1]
2024-07-18 21:45:33.982 INFO  o.a.c.c.C.[Tomcat].[localhost].[/member]          :173  restartedMain [32m                [0;39m Initializing Spring embedded WebApplicationContext
2024-07-18 21:45:33.982 INFO  o.s.b.w.s.c.ServletWebServerApplicationContext    :291  restartedMain [32m                [0;39m Root WebApplicationContext: initialization completed in 1037 ms
2024-07-18 21:45:34.341 INFO  o.s.b.d.autoconfigure.OptionalLiveReloadServer    :59   restartedMain [32m                [0;39m LiveReload server is running on port 35729
2024-07-18 21:45:34.467 INFO  org.apache.coyote.http11.Http11NioProtocol        :173  restartedMain [32m                [0;39m Starting ProtocolHandler ["http-nio-8001"]
2024-07-18 21:45:34.481 INFO  o.s.boot.web.embedded.tomcat.TomcatWebServer      :226  restartedMain [32m                [0;39m Tomcat started on port(s): 8001 (http) with context path '/member'
2024-07-18 21:45:34.566 INFO  config.com.fugui.train.member.MemberApplication         :57   restartedMain [32m                [0;39m Started MemberApplication in 1.984 seconds (process running for 2.564)
2024-07-18 21:45:34.571 INFO  config.com.fugui.train.member.MemberApplication         :19   restartedMain [32m                [0;39m 启动成功
2024-07-18 21:45:34.572 INFO  config.com.fugui.train.member.MemberApplication         :20   restartedMain [32m                [0;39m 端口号：http://127.0.0.1:8001/member
2024-07-18 22:45:08.929 INFO  o.s.b.d.a.LocalDevToolsAutoConfiguration$RestartingClassPathChangeChangedEventListener:211  File Watcher [32m                [0;39m Restarting due to 2 class path changes (0 additions, 0 deletions, 2 modifications)
2024-07-18 22:45:08.970 INFO  org.apache.coyote.http11.Http11NioProtocol        :173  Thread-6 [32m                [0;39m Pausing ProtocolHandler ["http-nio-8001"]
2024-07-18 22:45:08.971 INFO  org.apache.catalina.core.StandardService          :173  Thread-6 [32m                [0;39m Stopping service [Tomcat]
2024-07-18 22:45:08.988 INFO  org.apache.coyote.http11.Http11NioProtocol        :173  Thread-6 [32m                [0;39m Stopping ProtocolHandler ["http-nio-8001"]
2024-07-18 22:45:08.992 INFO  org.apache.coyote.http11.Http11NioProtocol        :173  Thread-6 [32m                [0;39m Destroying ProtocolHandler ["http-nio-8001"]
2024-07-18 22:45:09.149 INFO  config.com.fugui.train.member.MemberApplication         :51   restartedMain [32m                [0;39m Starting MemberApplication using Java 17.0.11 with PID 17816 (C:\Users\28413\OneDrive\Desktop\projectCode\12306\train\member\target\classes started by 28413 in C:\Users\28413\OneDrive\Desktop\projectCode\12306\train)
2024-07-18 22:45:09.149 INFO  config.com.fugui.train.member.MemberApplication         :630  restartedMain [32m                [0;39m No active profile set, falling back to 1 default profile: "default"
2024-07-18 22:45:09.295 INFO  o.springframework.cloud.context.scope.GenericScope:282  restartedMain [32m                [0;39m BeanFactory id=48394191-9eb3-3d9b-b00e-bd2c05b45a0f
2024-07-18 22:45:09.376 INFO  o.s.boot.web.embedded.tomcat.TomcatWebServer      :114  restartedMain [32m                [0;39m Tomcat initialized with port(s): 8001 (http)
2024-07-18 22:45:09.378 INFO  org.apache.coyote.http11.Http11NioProtocol        :173  restartedMain [32m                [0;39m Initializing ProtocolHandler ["http-nio-8001"]
2024-07-18 22:45:09.378 INFO  org.apache.catalina.core.StandardService          :173  restartedMain [32m                [0;39m Starting service [Tomcat]
2024-07-18 22:45:09.378 INFO  org.apache.catalina.core.StandardEngine           :173  restartedMain [32m                [0;39m Starting Servlet engine: [Apache Tomcat/10.1.1]
2024-07-18 22:45:09.390 INFO  o.a.c.c.C.[Tomcat].[localhost].[/member]          :173  restartedMain [32m                [0;39m Initializing Spring embedded WebApplicationContext
2024-07-18 22:45:09.391 INFO  o.s.b.w.s.c.ServletWebServerApplicationContext    :291  restartedMain [32m                [0;39m Root WebApplicationContext: initialization completed in 238 ms
2024-07-18 22:45:09.533 INFO  o.s.b.d.autoconfigure.OptionalLiveReloadServer    :59   restartedMain [32m                [0;39m LiveReload server is running on port 35729
2024-07-18 22:45:09.637 INFO  org.apache.coyote.http11.Http11NioProtocol        :173  restartedMain [32m                [0;39m Starting ProtocolHandler ["http-nio-8001"]
2024-07-18 22:45:09.642 INFO  o.s.boot.web.embedded.tomcat.TomcatWebServer      :226  restartedMain [32m                [0;39m Tomcat started on port(s): 8001 (http) with context path '/member'
2024-07-18 22:45:09.718 INFO  config.com.fugui.train.member.MemberApplication         :57   restartedMain [32m                [0;39m Started MemberApplication in 0.685 seconds (process running for 3577.716)
2024-07-18 22:45:09.720 INFO  o.s.b.d.a.ConditionEvaluationDeltaLoggingListener :63   restartedMain [32m                [0;39m Condition evaluation unchanged
2024-07-18 22:45:09.720 INFO  config.com.fugui.train.member.MemberApplication         :19   restartedMain [32m                [0;39m 启动成功
2024-07-18 22:45:09.720 INFO  config.com.fugui.train.member.MemberApplication         :20   restartedMain [32m                [0;39m 端口号：http://127.0.0.1:8001/member
2024-07-18 22:53:41.555 INFO  o.s.b.d.a.LocalDevToolsAutoConfiguration$RestartingClassPathChangeChangedEventListener:211  File Watcher [32m                [0;39m Restarting due to 1 class path change (0 additions, 1 deletion, 0 modifications)
2024-07-18 22:53:41.568 INFO  org.apache.coyote.http11.Http11NioProtocol        :173  Thread-9 [32m                [0;39m Pausing ProtocolHandler ["http-nio-8001"]
2024-07-18 22:53:41.568 INFO  org.apache.catalina.core.StandardService          :173  Thread-9 [32m                [0;39m Stopping service [Tomcat]
2024-07-18 22:53:41.570 INFO  org.apache.coyote.http11.Http11NioProtocol        :173  Thread-9 [32m                [0;39m Stopping ProtocolHandler ["http-nio-8001"]
2024-07-18 22:53:41.571 INFO  org.apache.coyote.http11.Http11NioProtocol        :173  Thread-9 [32m                [0;39m Destroying ProtocolHandler ["http-nio-8001"]
2024-07-18 22:53:41.733 INFO  config.com.fugui.train.member.MemberApplication         :51   restartedMain [32m                [0;39m Starting MemberApplication using Java 17.0.11 with PID 17816 (C:\Users\28413\OneDrive\Desktop\projectCode\12306\train\member\target\classes started by 28413 in C:\Users\28413\OneDrive\Desktop\projectCode\12306\train)
2024-07-18 22:53:41.733 INFO  config.com.fugui.train.member.MemberApplication         :630  restartedMain [32m                [0;39m No active profile set, falling back to 1 default profile: "default"
2024-07-18 22:53:41.851 INFO  o.springframework.cloud.context.scope.GenericScope:282  restartedMain [32m                [0;39m BeanFactory id=3f7129d1-5298-321c-aecb-7faf37b6be0b
2024-07-18 22:53:41.879 INFO  o.s.boot.web.embedded.tomcat.TomcatWebServer      :114  restartedMain [32m                [0;39m Tomcat initialized with port(s): 8001 (http)
2024-07-18 22:53:41.880 INFO  org.apache.coyote.http11.Http11NioProtocol        :173  restartedMain [32m                [0;39m Initializing ProtocolHandler ["http-nio-8001"]
2024-07-18 22:53:41.880 INFO  org.apache.catalina.core.StandardService          :173  restartedMain [32m                [0;39m Starting service [Tomcat]
2024-07-18 22:53:41.880 INFO  org.apache.catalina.core.StandardEngine           :173  restartedMain [32m                [0;39m Starting Servlet engine: [Apache Tomcat/10.1.1]
2024-07-18 22:53:41.893 INFO  o.a.c.c.C.[Tomcat].[localhost].[/member]          :173  restartedMain [32m                [0;39m Initializing Spring embedded WebApplicationContext
2024-07-18 22:53:41.893 INFO  o.s.b.w.s.c.ServletWebServerApplicationContext    :291  restartedMain [32m                [0;39m Root WebApplicationContext: initialization completed in 157 ms
2024-07-18 22:53:41.936 INFO  o.s.b.d.autoconfigure.OptionalLiveReloadServer    :59   restartedMain [32m                [0;39m LiveReload server is running on port 35729
2024-07-18 22:53:42.016 INFO  org.apache.coyote.http11.Http11NioProtocol        :173  restartedMain [32m                [0;39m Starting ProtocolHandler ["http-nio-8001"]
2024-07-18 22:53:42.020 INFO  o.s.boot.web.embedded.tomcat.TomcatWebServer      :226  restartedMain [32m                [0;39m Tomcat started on port(s): 8001 (http) with context path '/member'
2024-07-18 22:53:42.102 INFO  config.com.fugui.train.member.MemberApplication         :57   restartedMain [32m                [0;39m Started MemberApplication in 0.475 seconds (process running for 4090.1)
2024-07-18 22:53:42.104 INFO  o.s.b.d.a.ConditionEvaluationDeltaLoggingListener :63   restartedMain [32m                [0;39m Condition evaluation unchanged
2024-07-18 22:53:42.104 INFO  config.com.fugui.train.member.MemberApplication         :19   restartedMain [32m                [0;39m 启动成功
2024-07-18 22:53:42.104 INFO  config.com.fugui.train.member.MemberApplication         :20   restartedMain [32m                [0;39m 端口号：http://127.0.0.1:8001/member
2024-07-18 22:55:55.520 INFO  config.com.fugui.train.member.MemberApplication         :51   restartedMain [32m                [0;39m Starting MemberApplication using Java 17.0.11 with PID 10944 (C:\Users\28413\OneDrive\Desktop\projectCode\12306\train\member\target\classes started by 28413 in C:\Users\28413\OneDrive\Desktop\projectCode\12306\train)
2024-07-18 22:55:55.522 INFO  config.com.fugui.train.member.MemberApplication         :630  restartedMain [32m                [0;39m No active profile set, falling back to 1 default profile: "default"
2024-07-18 22:55:55.552 INFO  o.s.b.d.env.DevToolsPropertyDefaultsPostProcessor :250  restartedMain [32m                [0;39m Devtools property defaults active! Set 'spring.devtools.add-properties' to 'false' to disable
2024-07-18 22:55:55.552 INFO  o.s.b.d.env.DevToolsPropertyDefaultsPostProcessor :250  restartedMain [32m                [0;39m For additional web related logging consider setting the 'logging.level.web' property to 'DEBUG'
2024-07-18 22:55:55.959 INFO  o.springframework.cloud.context.scope.GenericScope:282  restartedMain [32m                [0;39m BeanFactory id=48394191-9eb3-3d9b-b00e-bd2c05b45a0f
2024-07-18 22:55:56.436 INFO  o.s.boot.web.embedded.tomcat.TomcatWebServer      :114  restartedMain [32m                [0;39m Tomcat initialized with port(s): 8001 (http)
2024-07-18 22:55:56.445 INFO  org.apache.coyote.http11.Http11NioProtocol        :173  restartedMain [32m                [0;39m Initializing ProtocolHandler ["http-nio-8001"]
2024-07-18 22:55:56.446 INFO  org.apache.catalina.core.StandardService          :173  restartedMain [32m                [0;39m Starting service [Tomcat]
2024-07-18 22:55:56.447 INFO  org.apache.catalina.core.StandardEngine           :173  restartedMain [32m                [0;39m Starting Servlet engine: [Apache Tomcat/10.1.1]
2024-07-18 22:55:56.498 INFO  o.a.c.c.C.[Tomcat].[localhost].[/member]          :173  restartedMain [32m                [0;39m Initializing Spring embedded WebApplicationContext
2024-07-18 22:55:56.499 INFO  o.s.b.w.s.c.ServletWebServerApplicationContext    :291  restartedMain [32m                [0;39m Root WebApplicationContext: initialization completed in 945 ms
2024-07-18 22:55:56.828 INFO  o.s.b.d.autoconfigure.OptionalLiveReloadServer    :59   restartedMain [32m                [0;39m LiveReload server is running on port 35729
2024-07-18 22:55:56.941 INFO  org.apache.coyote.http11.Http11NioProtocol        :173  restartedMain [32m                [0;39m Starting ProtocolHandler ["http-nio-8001"]
2024-07-18 22:55:56.959 INFO  o.s.boot.web.embedded.tomcat.TomcatWebServer      :226  restartedMain [32m                [0;39m Tomcat started on port(s): 8001 (http) with context path '/member'
2024-07-18 22:55:57.035 INFO  config.com.fugui.train.member.MemberApplication         :57   restartedMain [32m                [0;39m Started MemberApplication in 1.877 seconds (process running for 2.442)
2024-07-18 22:55:57.038 INFO  config.com.fugui.train.member.MemberApplication         :19   restartedMain [32m                [0;39m 启动成功
2024-07-18 22:55:57.039 INFO  config.com.fugui.train.member.MemberApplication         :20   restartedMain [32m                [0;39m 端口号：http://127.0.0.1:8001/member
2024-07-18 22:57:54.906 INFO  o.s.b.d.a.LocalDevToolsAutoConfiguration$RestartingClassPathChangeChangedEventListener:211  File Watcher [32m                [0;39m Restarting due to 4 class path changes (2 additions, 2 deletions, 0 modifications)
2024-07-18 22:57:54.920 INFO  org.apache.coyote.http11.Http11NioProtocol        :173  Thread-6 [32m                [0;39m Pausing ProtocolHandler ["http-nio-8001"]
2024-07-18 22:57:54.921 INFO  org.apache.catalina.core.StandardService          :173  Thread-6 [32m                [0;39m Stopping service [Tomcat]
2024-07-18 22:57:54.925 INFO  org.apache.coyote.http11.Http11NioProtocol        :173  Thread-6 [32m                [0;39m Stopping ProtocolHandler ["http-nio-8001"]
2024-07-18 22:57:54.926 INFO  org.apache.coyote.http11.Http11NioProtocol        :173  Thread-6 [32m                [0;39m Destroying ProtocolHandler ["http-nio-8001"]
2024-07-18 22:57:55.048 INFO  com.fugui.member.config.MemberApplication         :51   restartedMain [32m                [0;39m Starting MemberApplication using Java 17.0.11 with PID 10944 (C:\Users\28413\OneDrive\Desktop\projectCode\12306\train\member\target\classes started by 28413 in C:\Users\28413\OneDrive\Desktop\projectCode\12306\train)
2024-07-18 22:57:55.049 INFO  com.fugui.member.config.MemberApplication         :630  restartedMain [32m                [0;39m No active profile set, falling back to 1 default profile: "default"
2024-07-18 22:57:55.160 INFO  o.springframework.cloud.context.scope.GenericScope:282  restartedMain [32m                [0;39m BeanFactory id=48394191-9eb3-3d9b-b00e-bd2c05b45a0f
2024-07-18 22:57:55.221 INFO  o.s.boot.web.embedded.tomcat.TomcatWebServer      :114  restartedMain [32m                [0;39m Tomcat initialized with port(s): 8001 (http)
2024-07-18 22:57:55.221 INFO  org.apache.coyote.http11.Http11NioProtocol        :173  restartedMain [32m                [0;39m Initializing ProtocolHandler ["http-nio-8001"]
2024-07-18 22:57:55.221 INFO  org.apache.catalina.core.StandardService          :173  restartedMain [32m                [0;39m Starting service [Tomcat]
2024-07-18 22:57:55.221 INFO  org.apache.catalina.core.StandardEngine           :173  restartedMain [32m                [0;39m Starting Servlet engine: [Apache Tomcat/10.1.1]
2024-07-18 22:57:55.233 INFO  o.a.c.c.C.[Tomcat].[localhost].[/member]          :173  restartedMain [32m                [0;39m Initializing Spring embedded WebApplicationContext
2024-07-18 22:57:55.233 INFO  o.s.b.w.s.c.ServletWebServerApplicationContext    :291  restartedMain [32m                [0;39m Root WebApplicationContext: initialization completed in 183 ms
2024-07-18 22:57:55.366 INFO  o.s.b.d.autoconfigure.OptionalLiveReloadServer    :59   restartedMain [32m                [0;39m LiveReload server is running on port 35729
2024-07-18 22:57:55.452 INFO  org.apache.coyote.http11.Http11NioProtocol        :173  restartedMain [32m                [0;39m Starting ProtocolHandler ["http-nio-8001"]
2024-07-18 22:57:55.458 INFO  o.s.boot.web.embedded.tomcat.TomcatWebServer      :226  restartedMain [32m                [0;39m Tomcat started on port(s): 8001 (http) with context path '/member'
2024-07-18 22:57:55.525 INFO  com.fugui.member.config.MemberApplication         :57   restartedMain [32m                [0;39m Started MemberApplication in 0.574 seconds (process running for 120.932)
2024-07-18 22:57:55.527 INFO  o.s.b.d.a.ConditionEvaluationDeltaLoggingListener :63   restartedMain [32m                [0;39m Condition evaluation unchanged
2024-07-18 22:57:55.527 INFO  com.fugui.member.config.MemberApplication         :19   restartedMain [32m                [0;39m 启动成功
2024-07-18 22:57:55.528 INFO  com.fugui.member.config.MemberApplication         :20   restartedMain [32m                [0;39m 端口号：http://127.0.0.1:8001/member
