2024-07-22 06:27:37.594 WARN  com.zaxxer.hikari.pool.HikariPool                 :804  HikariPool-7 housekeeper [32m                [0;39m HikariPool-7 - Thread starvation or clock leap detected (housekeeper delta=3h42m14s8ms203µs501ns).
2024-07-22 10:23:34.987 WARN  com.zaxxer.hikari.pool.HikariPool                 :804  HikariPool-7 housekeeper [32m                [0;39m HikariPool-7 - Thread starvation or clock leap detected (housekeeper delta=3h55m57s394ms81µs900ns).
2024-07-22 14:20:09.547 INFO  o.s.b.d.a.LocalDevToolsAutoConfiguration$RestartingClassPathChangeChangedEventListener:211  File Watcher [32m                [0;39m Restarting due to 25 class path changes (0 additions, 25 deletions, 0 modifications)
2024-07-22 14:20:09.676 INFO  org.apache.coyote.http11.Http11NioProtocol        :173  Thread-181 [32m                [0;39m Pausing ProtocolHandler ["http-nio-8001"]
2024-07-22 14:20:09.680 INFO  org.apache.catalina.core.StandardService          :173  Thread-181 [32m                [0;39m Stopping service [Tomcat]
2024-07-22 14:20:09.695 INFO  o.a.c.c.C.[Tomcat-7].[localhost].[/member]        :173  Thread-181 [32m                [0;39m Destroying Spring FrameworkServlet 'dispatcherServlet'
2024-07-22 14:20:09.727 WARN  org.apache.catalina.loader.WebappClassLoaderBase  :173  Thread-181 [32m                [0;39m The web application [member] appears to have started a thread named [HikariPool-7 housekeeper] but has failed to stop it. This is very likely to create a memory leak. Stack trace of thread:
 java.base@17.0.11/jdk.internal.misc.Unsafe.park(Native Method)
 java.base@17.0.11/java.util.concurrent.locks.LockSupport.parkNanos(LockSupport.java:252)
 java.base@17.0.11/java.util.concurrent.locks.AbstractQueuedSynchronizer$ConditionObject.awaitNanos(AbstractQueuedSynchronizer.java:1674)
 java.base@17.0.11/java.util.concurrent.ScheduledThreadPoolExecutor$DelayedWorkQueue.take(ScheduledThreadPoolExecutor.java:1182)
 java.base@17.0.11/java.util.concurrent.ScheduledThreadPoolExecutor$DelayedWorkQueue.take(ScheduledThreadPoolExecutor.java:899)
 java.base@17.0.11/java.util.concurrent.ThreadPoolExecutor.getTask(ThreadPoolExecutor.java:1062)
 java.base@17.0.11/java.util.concurrent.ThreadPoolExecutor.runWorker(ThreadPoolExecutor.java:1122)
 java.base@17.0.11/java.util.concurrent.ThreadPoolExecutor$Worker.run(ThreadPoolExecutor.java:635)
 java.base@17.0.11/java.lang.Thread.run(Thread.java:840)
2024-07-22 14:20:09.732 INFO  org.apache.coyote.http11.Http11NioProtocol        :173  Thread-181 [32m                [0;39m Stopping ProtocolHandler ["http-nio-8001"]
2024-07-22 14:20:09.741 INFO  org.apache.coyote.http11.Http11NioProtocol        :173  Thread-181 [32m                [0;39m Destroying ProtocolHandler ["http-nio-8001"]
2024-07-22 14:20:09.761 INFO  com.zaxxer.hikari.HikariDataSource                :350  Thread-181 [32m                [0;39m HikariPool-7 - Shutdown initiated...
2024-07-22 14:20:09.770 INFO  com.zaxxer.hikari.HikariDataSource                :352  Thread-181 [32m                [0;39m HikariPool-7 - Shutdown completed.
2024-07-22 14:20:10.233 INFO  com.fugui.train.member.config.MemberApplication   :51   restartedMain [32m                [0;39m Starting MemberApplication using Java 17.0.11 with PID 21792 (E:\Desktop\projectCode\12306\train\member\target\classes started by 28413 in E:\Desktop\projectCode\12306\train)
2024-07-22 14:20:10.233 INFO  com.fugui.train.member.config.MemberApplication   :630  restartedMain [32m                [0;39m No active profile set, falling back to 1 default profile: "default"
2024-07-22 14:20:10.638 INFO  o.springframework.cloud.context.scope.GenericScope:282  restartedMain [32m                [0;39m BeanFactory id=ec4307a3-751f-31ab-84d6-a77c678c84c4
2024-07-22 14:20:10.713 INFO  o.s.boot.web.embedded.tomcat.TomcatWebServer      :114  restartedMain [32m                [0;39m Tomcat initialized with port(s): 8001 (http)
2024-07-22 14:20:10.713 INFO  org.apache.coyote.http11.Http11NioProtocol        :173  restartedMain [32m                [0;39m Initializing ProtocolHandler ["http-nio-8001"]
2024-07-22 14:20:10.713 INFO  org.apache.catalina.core.StandardService          :173  restartedMain [32m                [0;39m Starting service [Tomcat]
2024-07-22 14:20:10.713 INFO  org.apache.catalina.core.StandardEngine           :173  restartedMain [32m                [0;39m Starting Servlet engine: [Apache Tomcat/10.1.1]
2024-07-22 14:20:10.728 INFO  o.a.c.c.C.[Tomcat-7].[localhost].[/member]        :173  restartedMain [32m                [0;39m Initializing Spring embedded WebApplicationContext
2024-07-22 14:20:10.729 INFO  o.s.b.w.s.c.ServletWebServerApplicationContext    :291  restartedMain [32m                [0;39m Root WebApplicationContext: initialization completed in 494 ms
2024-07-22 14:20:10.979 WARN  o.s.core.LocalVariableTableParameterNameDiscoverer:123  restartedMain [32m                [0;39m Using deprecated '-debug' fallback for parameter name resolution. Compile the affected code with '-parameters' instead or avoid its introspection: com.github.pagehelper.autoconfigure.PageHelperStandardProperties
2024-07-22 14:20:11.072 INFO  o.s.b.d.autoconfigure.OptionalLiveReloadServer    :59   restartedMain [32m                [0;39m LiveReload server is running on port 35729
2024-07-22 14:20:11.181 INFO  org.apache.coyote.http11.Http11NioProtocol        :173  restartedMain [32m                [0;39m Starting ProtocolHandler ["http-nio-8001"]
2024-07-22 14:20:11.184 INFO  o.s.boot.web.embedded.tomcat.TomcatWebServer      :226  restartedMain [32m                [0;39m Tomcat started on port(s): 8001 (http) with context path '/member'
2024-07-22 14:20:11.267 INFO  com.fugui.train.member.config.MemberApplication   :57   restartedMain [32m                [0;39m Started MemberApplication in 1.205 seconds (process running for 82551.27)
2024-07-22 14:20:11.268 INFO  o.s.b.d.a.ConditionEvaluationDeltaLoggingListener :63   restartedMain [32m                [0;39m Condition evaluation unchanged
2024-07-22 14:20:11.269 INFO  com.fugui.train.member.config.MemberApplication   :21   restartedMain [32m                [0;39m 启动成功
2024-07-22 14:20:11.269 INFO  com.fugui.train.member.config.MemberApplication   :22   restartedMain [32m                [0;39m 端口号：http://127.0.0.1:8001/member
2024-07-22 14:20:12.502 INFO  o.s.b.d.a.LocalDevToolsAutoConfiguration$RestartingClassPathChangeChangedEventListener:211  File Watcher [32m                [0;39m Restarting due to 25 class path changes (25 additions, 0 deletions, 0 modifications)
2024-07-22 14:20:12.514 INFO  org.apache.coyote.http11.Http11NioProtocol        :173  Thread-187 [32m                [0;39m Pausing ProtocolHandler ["http-nio-8001"]
2024-07-22 14:20:12.515 INFO  org.apache.catalina.core.StandardService          :173  Thread-187 [32m                [0;39m Stopping service [Tomcat]
2024-07-22 14:20:12.516 INFO  org.apache.coyote.http11.Http11NioProtocol        :173  Thread-187 [32m                [0;39m Stopping ProtocolHandler ["http-nio-8001"]
2024-07-22 14:20:12.517 INFO  org.apache.coyote.http11.Http11NioProtocol        :173  Thread-187 [32m                [0;39m Destroying ProtocolHandler ["http-nio-8001"]
2024-07-22 14:20:12.660 INFO  com.fugui.train.member.config.MemberApplication   :51   restartedMain [32m                [0;39m Starting MemberApplication using Java 17.0.11 with PID 21792 (E:\Desktop\projectCode\12306\train\member\target\classes started by 28413 in E:\Desktop\projectCode\12306\train)
2024-07-22 14:20:12.660 INFO  com.fugui.train.member.config.MemberApplication   :630  restartedMain [32m                [0;39m No active profile set, falling back to 1 default profile: "default"
2024-07-22 14:20:12.780 INFO  o.springframework.cloud.context.scope.GenericScope:282  restartedMain [32m                [0;39m BeanFactory id=ec4307a3-751f-31ab-84d6-a77c678c84c4
2024-07-22 14:20:12.841 INFO  o.s.boot.web.embedded.tomcat.TomcatWebServer      :114  restartedMain [32m                [0;39m Tomcat initialized with port(s): 8001 (http)
2024-07-22 14:20:12.841 INFO  org.apache.coyote.http11.Http11NioProtocol        :173  restartedMain [32m                [0;39m Initializing ProtocolHandler ["http-nio-8001"]
2024-07-22 14:20:12.841 INFO  org.apache.catalina.core.StandardService          :173  restartedMain [32m                [0;39m Starting service [Tomcat]
2024-07-22 14:20:12.841 INFO  org.apache.catalina.core.StandardEngine           :173  restartedMain [32m                [0;39m Starting Servlet engine: [Apache Tomcat/10.1.1]
2024-07-22 14:20:12.859 INFO  o.a.c.c.C.[Tomcat-7].[localhost].[/member]        :173  restartedMain [32m                [0;39m Initializing Spring embedded WebApplicationContext
2024-07-22 14:20:12.860 INFO  o.s.b.w.s.c.ServletWebServerApplicationContext    :291  restartedMain [32m                [0;39m Root WebApplicationContext: initialization completed in 199 ms
2024-07-22 14:20:13.039 WARN  o.s.core.LocalVariableTableParameterNameDiscoverer:123  restartedMain [32m                [0;39m Using deprecated '-debug' fallback for parameter name resolution. Compile the affected code with '-parameters' instead or avoid its introspection: com.github.pagehelper.autoconfigure.PageHelperStandardProperties
2024-07-22 14:20:13.118 INFO  o.s.b.d.autoconfigure.OptionalLiveReloadServer    :59   restartedMain [32m                [0;39m LiveReload server is running on port 35729
2024-07-22 14:20:13.221 INFO  org.apache.coyote.http11.Http11NioProtocol        :173  restartedMain [32m                [0;39m Starting ProtocolHandler ["http-nio-8001"]
2024-07-22 14:20:13.224 INFO  o.s.boot.web.embedded.tomcat.TomcatWebServer      :226  restartedMain [32m                [0;39m Tomcat started on port(s): 8001 (http) with context path '/member'
2024-07-22 14:20:13.308 INFO  com.fugui.train.member.config.MemberApplication   :57   restartedMain [32m                [0;39m Started MemberApplication in 0.746 seconds (process running for 82553.312)
2024-07-22 14:20:13.309 INFO  o.s.b.d.a.ConditionEvaluationDeltaLoggingListener :63   restartedMain [32m                [0;39m Condition evaluation unchanged
2024-07-22 14:20:13.310 INFO  com.fugui.train.member.config.MemberApplication   :21   restartedMain [32m                [0;39m 启动成功
2024-07-22 14:20:13.310 INFO  com.fugui.train.member.config.MemberApplication   :22   restartedMain [32m                [0;39m 端口号：http://127.0.0.1:8001/member
2024-07-22 14:49:30.095 INFO  o.s.b.d.a.LocalDevToolsAutoConfiguration$RestartingClassPathChangeChangedEventListener:211  File Watcher [32m                [0;39m Restarting due to 1 class path change (0 additions, 0 deletions, 1 modification)
2024-07-22 14:49:30.110 INFO  org.apache.coyote.http11.Http11NioProtocol        :173  Thread-193 [32m                [0;39m Pausing ProtocolHandler ["http-nio-8001"]
2024-07-22 14:49:30.110 INFO  org.apache.catalina.core.StandardService          :173  Thread-193 [32m                [0;39m Stopping service [Tomcat]
2024-07-22 14:49:30.111 INFO  org.apache.coyote.http11.Http11NioProtocol        :173  Thread-193 [32m                [0;39m Stopping ProtocolHandler ["http-nio-8001"]
2024-07-22 14:49:30.112 INFO  org.apache.coyote.http11.Http11NioProtocol        :173  Thread-193 [32m                [0;39m Destroying ProtocolHandler ["http-nio-8001"]
2024-07-22 14:49:30.314 INFO  com.fugui.train.member.config.MemberApplication   :51   restartedMain [32m                [0;39m Starting MemberApplication using Java 17.0.11 with PID 21792 (E:\Desktop\projectCode\12306\train\member\target\classes started by 28413 in E:\Desktop\projectCode\12306\train)
2024-07-22 14:49:30.314 INFO  com.fugui.train.member.config.MemberApplication   :630  restartedMain [32m                [0;39m No active profile set, falling back to 1 default profile: "default"
2024-07-22 14:49:30.456 INFO  o.springframework.cloud.context.scope.GenericScope:282  restartedMain [32m                [0;39m BeanFactory id=ec4307a3-751f-31ab-84d6-a77c678c84c4
2024-07-22 14:49:30.517 INFO  o.s.boot.web.embedded.tomcat.TomcatWebServer      :114  restartedMain [32m                [0;39m Tomcat initialized with port(s): 8001 (http)
2024-07-22 14:49:30.517 INFO  org.apache.coyote.http11.Http11NioProtocol        :173  restartedMain [32m                [0;39m Initializing ProtocolHandler ["http-nio-8001"]
2024-07-22 14:49:30.518 INFO  org.apache.catalina.core.StandardService          :173  restartedMain [32m                [0;39m Starting service [Tomcat]
2024-07-22 14:49:30.518 INFO  org.apache.catalina.core.StandardEngine           :173  restartedMain [32m                [0;39m Starting Servlet engine: [Apache Tomcat/10.1.1]
2024-07-22 14:49:30.532 INFO  o.a.c.c.C.[Tomcat-7].[localhost].[/member]        :173  restartedMain [32m                [0;39m Initializing Spring embedded WebApplicationContext
2024-07-22 14:49:30.532 INFO  o.s.b.w.s.c.ServletWebServerApplicationContext    :291  restartedMain [32m                [0;39m Root WebApplicationContext: initialization completed in 217 ms
2024-07-22 14:49:30.766 WARN  o.s.core.LocalVariableTableParameterNameDiscoverer:123  restartedMain [32m                [0;39m Using deprecated '-debug' fallback for parameter name resolution. Compile the affected code with '-parameters' instead or avoid its introspection: com.github.pagehelper.autoconfigure.PageHelperStandardProperties
2024-07-22 14:49:30.856 INFO  o.s.b.d.autoconfigure.OptionalLiveReloadServer    :59   restartedMain [32m                [0;39m LiveReload server is running on port 35729
2024-07-22 14:49:30.949 INFO  org.apache.coyote.http11.Http11NioProtocol        :173  restartedMain [32m                [0;39m Starting ProtocolHandler ["http-nio-8001"]
2024-07-22 14:49:30.951 INFO  o.s.boot.web.embedded.tomcat.TomcatWebServer      :226  restartedMain [32m                [0;39m Tomcat started on port(s): 8001 (http) with context path '/member'
2024-07-22 14:49:31.033 INFO  com.fugui.train.member.config.MemberApplication   :57   restartedMain [32m                [0;39m Started MemberApplication in 0.854 seconds (process running for 84311.036)
2024-07-22 14:49:31.034 INFO  o.s.b.d.a.ConditionEvaluationDeltaLoggingListener :63   restartedMain [32m                [0;39m Condition evaluation unchanged
2024-07-22 14:49:31.034 INFO  com.fugui.train.member.config.MemberApplication   :21   restartedMain [32m                [0;39m 启动成功
2024-07-22 14:49:31.034 INFO  com.fugui.train.member.config.MemberApplication   :22   restartedMain [32m                [0;39m 端口号：http://127.0.0.1:8001/member
2024-07-22 14:51:09.458 INFO  o.s.b.d.a.LocalDevToolsAutoConfiguration$RestartingClassPathChangeChangedEventListener:211  File Watcher [32m                [0;39m Restarting due to 1 class path change (0 additions, 0 deletions, 1 modification)
2024-07-22 14:51:09.470 INFO  org.apache.coyote.http11.Http11NioProtocol        :173  Thread-199 [32m                [0;39m Pausing ProtocolHandler ["http-nio-8001"]
2024-07-22 14:51:09.470 INFO  org.apache.catalina.core.StandardService          :173  Thread-199 [32m                [0;39m Stopping service [Tomcat]
2024-07-22 14:51:09.471 INFO  org.apache.coyote.http11.Http11NioProtocol        :173  Thread-199 [32m                [0;39m Stopping ProtocolHandler ["http-nio-8001"]
2024-07-22 14:51:09.472 INFO  org.apache.coyote.http11.Http11NioProtocol        :173  Thread-199 [32m                [0;39m Destroying ProtocolHandler ["http-nio-8001"]
2024-07-22 14:51:09.614 INFO  com.fugui.train.member.config.MemberApplication   :51   restartedMain [32m                [0;39m Starting MemberApplication using Java 17.0.11 with PID 21792 (E:\Desktop\projectCode\12306\train\member\target\classes started by 28413 in E:\Desktop\projectCode\12306\train)
2024-07-22 14:51:09.614 INFO  com.fugui.train.member.config.MemberApplication   :630  restartedMain [32m                [0;39m No active profile set, falling back to 1 default profile: "default"
2024-07-22 14:51:09.722 INFO  o.springframework.cloud.context.scope.GenericScope:282  restartedMain [32m                [0;39m BeanFactory id=ec4307a3-751f-31ab-84d6-a77c678c84c4
2024-07-22 14:51:09.781 INFO  o.s.boot.web.embedded.tomcat.TomcatWebServer      :114  restartedMain [32m                [0;39m Tomcat initialized with port(s): 8001 (http)
2024-07-22 14:51:09.782 INFO  org.apache.coyote.http11.Http11NioProtocol        :173  restartedMain [32m                [0;39m Initializing ProtocolHandler ["http-nio-8001"]
2024-07-22 14:51:09.782 INFO  org.apache.catalina.core.StandardService          :173  restartedMain [32m                [0;39m Starting service [Tomcat]
2024-07-22 14:51:09.782 INFO  org.apache.catalina.core.StandardEngine           :173  restartedMain [32m                [0;39m Starting Servlet engine: [Apache Tomcat/10.1.1]
2024-07-22 14:51:09.808 INFO  o.a.c.c.C.[Tomcat-7].[localhost].[/member]        :173  restartedMain [32m                [0;39m Initializing Spring embedded WebApplicationContext
2024-07-22 14:51:09.808 INFO  o.s.b.w.s.c.ServletWebServerApplicationContext    :291  restartedMain [32m                [0;39m Root WebApplicationContext: initialization completed in 191 ms
2024-07-22 14:51:09.988 WARN  o.s.core.LocalVariableTableParameterNameDiscoverer:123  restartedMain [32m                [0;39m Using deprecated '-debug' fallback for parameter name resolution. Compile the affected code with '-parameters' instead or avoid its introspection: com.github.pagehelper.autoconfigure.PageHelperStandardProperties
2024-07-22 14:51:10.054 INFO  o.s.b.d.autoconfigure.OptionalLiveReloadServer    :59   restartedMain [32m                [0;39m LiveReload server is running on port 35729
2024-07-22 14:51:10.150 INFO  org.apache.coyote.http11.Http11NioProtocol        :173  restartedMain [32m                [0;39m Starting ProtocolHandler ["http-nio-8001"]
2024-07-22 14:51:10.153 INFO  o.s.boot.web.embedded.tomcat.TomcatWebServer      :226  restartedMain [32m                [0;39m Tomcat started on port(s): 8001 (http) with context path '/member'
2024-07-22 14:51:10.230 INFO  com.fugui.train.member.config.MemberApplication   :57   restartedMain [32m                [0;39m Started MemberApplication in 0.714 seconds (process running for 84410.234)
2024-07-22 14:51:10.231 INFO  o.s.b.d.a.ConditionEvaluationDeltaLoggingListener :63   restartedMain [32m                [0;39m Condition evaluation unchanged
2024-07-22 14:51:10.231 INFO  com.fugui.train.member.config.MemberApplication   :21   restartedMain [32m                [0;39m 启动成功
2024-07-22 14:51:10.232 INFO  com.fugui.train.member.config.MemberApplication   :22   restartedMain [32m                [0;39m 端口号：http://127.0.0.1:8001/member
